{"meta": {"format": 3, "version": "7.15.3", "timestamp": "2026-08-08T19:04:28.238812", "branch_coverage": true, "show_contexts": false}, "files": {"src\\autotrade\\market_data\\__init__.py": {"executed_lines": [], "summary": {"covered_lines": 0, "num_statements": 0, "percent_covered": 100.0, "percent_covered_display": "100", "missing_lines": 0, "excluded_lines": 0, "percent_statements_covered": 100.0, "percent_statements_covered_display": "100", "num_branches": 0, "num_partial_branches": 0, "covered_branches": 0, "missing_branches": 0, "percent_branches_covered": 100.0, "percent_branches_covered_display": "100"}, "missing_lines": [], "excluded_lines": [], "executed_branches": [], "missing_branches": [], "functions": {"": {"executed_lines": [], "summary": {"covered_lines": 0, "num_statements": 0, "percent_covered": 100.0, "percent_covered_display": "100", "missing_lines": 0, "excluded_lines": 0, "percent_statements_covered": 100.0, "percent_statements_covered_display": "100", "num_branches": 0, "num_partial_branches": 0, "covered_branches": 0, "missing_branches": 0, "percent_branches_covered": 100.0, "percent_branches_covered_display": "100"}, "missing_lines": [], "excluded_lines": [], "start_line": 1, "executed_branches": [], "missing_branches": []}}, "classes": {"": {"executed_lines": [], "summary": {"covered_lines": 0, "num_statements": 0, "percent_covered": 100.0, "percent_covered_display": "100", "missing_lines": 0, "excluded_lines": 0, "percent_statements_covered": 100.0, "percent_statements_covered_display": "100", "num_branches": 0, "num_partial_branches": 0, "covered_branches": 0, "missing_branches": 0, "percent_branches_covered": 100.0, "percent_branches_covered_display": "100"}, "missing_lines": [], "excluded_lines": [], "start_line": 1, "executed_branches": [], "missing_branches": []}}}, "src\\autotrade\\market_data\\acquisition_protocol.py": {"executed_lines": [7, 9, 10, 11, 12, 13, 14, 15, 16, 17, 18, 19, 20, 21, 23, 24, 25, 27, 28, 29, 30, 33, 36, 37, 38, 41, 42, 43, 44, 45, 46, 47, 48, 49, 52, 53, 54, 55, 56, 58, 59, 62, 63, 64, 65, 66, 67, 68, 71, 72, 74, 77, 78, 82, 85, 86, 87, 88, 90, 91, 92, 93, 94, 96, 98, 99, 100, 103, 106, 107, 108, 111, 112, 113, 116, 124, 125, 126, 133, 134, 137, 138, 139, 142, 147, 150, 151, 152, 154, 155, 156, 158, 159, 162, 163, 165, 166, 169, 171, 178, 181, 182, 183, 185, 186, 189, 190, 191, 196, 199, 207, 209, 210, 211, 212, 213, 214, 215, 217, 218, 219, 221, 233, 234, 235, 236, 237, 238, 239, 240, 244, 245, 246, 247, 248, 249, 250, 252, 253, 261, 264, 267, 268, 270, 298, 301, 302, 304, 305, 307, 335, 336, 337, 342, 343, 344, 345, 346, 347, 348, 349, 350, 351, 352, 353, 354, 355, 356, 357, 358, 360, 369, 370, 371, 387, 388, 389, 390, 391, 392, 395, 405], "summary": {"covered_lines": 182, "num_statements": 228, "percent_covered": 75.87412587412588, "percent_covered_display": "76", "missing_lines": 46, "excluded_lines": 0, "percent_statements_covered": 79.82456140350877, "percent_statements_covered_display": "80", "num_branches": 58, "num_partial_branches": 19, "covered_branches": 35, "missing_branches": 23, "percent_branches_covered": 60.3448275862069, "percent_branches_covered_display": "60"}, "missing_lines": [73, 79, 89, 95, 97, 135, 136, 141, 157, 160, 161, 164, 167, 168, 170, 184, 208, 220, 241, 242, 251, 269, 303, 306, 338, 339, 359, 372, 373, 374, 375, 376, 377, 378, 379, 380, 381, 382, 396, 397, 398, 399, 400, 401, 402, 406], "excluded_lines": [], "executed_branches": [[72, 74], [78, -77], [88, 90], [90, 91], [90, 92], [94, 96], [96, 98], [98, 99], [98, 100], [106, -103], [106, 107], [107, 106], [107, 108], [125, 126], [125, 137], [137, 138], [156, 158], [163, 165], [169, 171], [183, 185], [207, 209], [210, 211], [210, 212], [219, 221], [245, 246], [245, 248], [248, 249], [248, 250], [250, 252], [268, 270], [302, 304], [305, 307], [358, 360], [371, 387], [405, -1]], "missing_branches": [[72, 73], [78, 79], [88, 89], [94, 95], [96, 97], [137, 141], [156, 157], [163, 164], [169, 170], [183, 184], [207, 208], [219, 220], [250, 251], [268, 269], [302, 303], [305, 306], [358, 359], [371, 372], [372, 373], [372, 374], [377, 378], [377, 379], [405, 406]], "functions": {"ProtocolError.__init__": {"executed_lines": [37, 38], "summary": {"covered_lines": 2, "num_statements": 2, "percent_covered": 100.0, "percent_covered_display": "100", "missing_lines": 0, "excluded_lines": 0, "percent_statements_covered": 100.0, "percent_statements_covered_display": "100", "num_branches": 0, "num_partial_branches": 0, "covered_branches": 0, "missing_branches": 0, "percent_branches_covered": 100.0, "percent_branches_covered_display": "100"}, "missing_lines": [], "excluded_lines": [], "start_line": 36, "executed_branches": [], "missing_branches": []}, "GatewayPayload.__post_init__": {"executed_lines": [59], "summary": {"covered_lines": 1, "num_statements": 1, "percent_covered": 100.0, "percent_covered_display": "100", "missing_lines": 0, "excluded_lines": 0, "percent_statements_covered": 100.0, "percent_statements_covered_display": "100", "num_branches": 0, "num_partial_branches": 0, "covered_branches": 0, "missing_branches": 0, "percent_branches_covered": 100.0, "percent_branches_covered_display": "100"}, "missing_lines": [], "excluded_lines": [], "start_line": 58, "executed_branches": [], "missing_branches": []}, "_require_token": {"executed_lines": [72, 74], "summary": {"covered_lines": 2, "num_statements": 3, "percent_covered": 60.0, "percent_covered_display": "60", "missing_lines": 1, "excluded_lines": 0, "percent_statements_covered": 66.66666666666667, "percent_statements_covered_display": "67", "num_branches": 2, "num_partial_branches": 1, "covered_branches": 1, "missing_branches": 1, "percent_branches_covered": 50.0, "percent_branches_covered_display": "50"}, "missing_lines": [73], "excluded_lines": [], "start_line": 71, "executed_branches": [[72, 74]], "missing_branches": [[72, 73]]}, "_require_utc": {"executed_lines": [78], "summary": {"covered_lines": 1, "num_statements": 2, "percent_covered": 50.0, "percent_covered_display": "50", "missing_lines": 1, "excluded_lines": 0, "percent_statements_covered": 50.0, "percent_statements_covered_display": "50", "num_branches": 2, "num_partial_branches": 1, "covered_branches": 1, "missing_branches": 1, "percent_branches_covered": 50.0, "percent_branches_covered_display": "50"}, "missing_lines": [79], "excluded_lines": [], "start_line": 77, "executed_branches": [[78, -77]], "missing_branches": [[78, 79]]}, "validate_request": {"executed_lines": [85, 86, 87, 88, 90, 91, 92, 93, 94, 96, 98, 99, 100], "summary": {"covered_lines": 13, "num_statements": 16, "percent_covered": 76.92307692307692, "percent_covered_display": "77", "missing_lines": 3, "excluded_lines": 0, "percent_statements_covered": 81.25, "percent_statements_covered_display": "81", "num_branches": 10, "num_partial_branches": 3, "covered_branches": 7, "missing_branches": 3, "percent_branches_covered": 70.0, "percent_branches_covered_display": "70"}, "missing_lines": [89, 95, 97], "excluded_lines": [], "start_line": 82, "executed_branches": [[88, 90], [90, 91], [90, 92], [94, 96], [96, 98], [98, 99], [98, 100]], "missing_branches": [[88, 89], [94, 95], [96, 97]]}, "validate_environment_names": {"executed_lines": [106, 107, 108], "summary": {"covered_lines": 3, "num_statements": 3, "percent_covered": 100.0, "percent_covered_display": "100", "missing_lines": 0, "excluded_lines": 0, "percent_statements_covered": 100.0, "percent_statements_covered_display": "100", "num_branches": 4, "num_partial_branches": 0, "covered_branches": 4, "missing_branches": 0, "percent_branches_covered": 100.0, "percent_branches_covered_display": "100"}, "missing_lines": [], "excluded_lines": [], "start_line": 103, "executed_branches": [[106, -103], [106, 107], [107, 106], [107, 108]], "missing_branches": []}, "_health_id": {"executed_lines": [112, 113], "summary": {"covered_lines": 2, "num_statements": 2, "percent_covered": 100.0, "percent_covered_display": "100", "missing_lines": 0, "excluded_lines": 0, "percent_statements_covered": 100.0, "percent_statements_covered_display": "100", "num_branches": 0, "num_partial_branches": 0, "covered_branches": 0, "missing_branches": 0, "percent_branches_covered": 100.0, "percent_branches_covered_display": "100"}, "missing_lines": [], "excluded_lines": [], "start_line": 111, "executed_branches": [], "missing_branches": []}, "classify_failure": {"executed_lines": [124, 125, 126, 133, 134, 137, 138, 139, 142], "summary": {"covered_lines": 9, "num_statements": 12, "percent_covered": 75.0, "percent_covered_display": "75", "missing_lines": 3, "excluded_lines": 0, "percent_statements_covered": 75.0, "percent_statements_covered_display": "75", "num_branches": 4, "num_partial_branches": 1, "covered_branches": 3, "missing_branches": 1, "percent_branches_covered": 75.0, "percent_branches_covered_display": "75"}, "missing_lines": [135, 136, 141], "excluded_lines": [], "start_line": 116, "executed_branches": [[125, 126], [125, 137], [137, 138]], "missing_branches": [[137, 141]]}, "FixtureGateway.__init__": {"executed_lines": [151, 152], "summary": {"covered_lines": 2, "num_statements": 2, "percent_covered": 100.0, "percent_covered_display": "100", "missing_lines": 0, "excluded_lines": 0, "percent_statements_covered": 100.0, "percent_statements_covered_display": "100", "num_branches": 0, "num_partial_branches": 0, "covered_branches": 0, "missing_branches": 0, "percent_branches_covered": 100.0, "percent_branches_covered_display": "100"}, "missing_lines": [], "excluded_lines": [], "start_line": 150, "executed_branches": [], "missing_branches": []}, "FixtureGateway.fetch": {"executed_lines": [155, 156, 158, 159, 162, 163, 165, 166, 169, 171, 178], "summary": {"covered_lines": 11, "num_statements": 18, "percent_covered": 58.333333333333336, "percent_covered_display": "58", "missing_lines": 7, "excluded_lines": 0, "percent_statements_covered": 61.111111111111114, "percent_statements_covered_display": "61", "num_branches": 6, "num_partial_branches": 3, "covered_branches": 3, "missing_branches": 3, "percent_branches_covered": 50.0, "percent_branches_covered_display": "50"}, "missing_lines": [157, 160, 161, 164, 167, 168, 170], "excluded_lines": [], "start_line": 154, "executed_branches": [[156, 158], [163, 165], [169, 171]], "missing_branches": [[156, 157], [163, 164], [169, 170]]}, "_parse_endpoint": {"executed_lines": [182, 183, 185, 186], "summary": {"covered_lines": 4, "num_statements": 5, "percent_covered": 71.42857142857143, "percent_covered_display": "71", "missing_lines": 1, "excluded_lines": 0, "percent_statements_covered": 80.0, "percent_statements_covered_display": "80", "num_branches": 2, "num_partial_branches": 1, "covered_branches": 1, "missing_branches": 1, "percent_branches_covered": 50.0, "percent_branches_covered_display": "50"}, "missing_lines": [184], "excluded_lines": [], "start_line": 181, "executed_branches": [[183, 185]], "missing_branches": [[183, 184]]}, "_quote": {"executed_lines": [190, 191], "summary": {"covered_lines": 2, "num_statements": 2, "percent_covered": 100.0, "percent_covered_display": "100", "missing_lines": 0, "excluded_lines": 0, "percent_statements_covered": 100.0, "percent_statements_covered_display": "100", "num_branches": 0, "num_partial_branches": 0, "covered_branches": 0, "missing_branches": 0, "percent_branches_covered": 100.0, "percent_branches_covered_display": "100"}, "missing_lines": [], "excluded_lines": [], "start_line": 189, "executed_branches": [], "missing_branches": []}, "ExternalGateway.__init__": {"executed_lines": [207, 209, 210, 211, 212, 213, 214, 215], "summary": {"covered_lines": 8, "num_statements": 9, "percent_covered": 84.61538461538461, "percent_covered_display": "85", "missing_lines": 1, "excluded_lines": 0, "percent_statements_covered": 88.88888888888889, "percent_statements_covered_display": "89", "num_branches": 4, "num_partial_branches": 1, "covered_branches": 3, "missing_branches": 1, "percent_branches_covered": 75.0, "percent_branches_covered_display": "75"}, "missing_lines": [208], "excluded_lines": [], "start_line": 199, "executed_branches": [[207, 209], [210, 211], [210, 212]], "missing_branches": [[207, 208]]}, "ExternalGateway.fetch": {"executed_lines": [218, 219, 221, 233, 234, 235, 236, 237, 238, 239, 240, 244, 245, 246, 247, 248, 249, 250, 252, 253, 261], "summary": {"covered_lines": 21, "num_statements": 25, "percent_covered": 81.81818181818181, "percent_covered_display": "82", "missing_lines": 4, "excluded_lines": 0, "percent_statements_covered": 84.0, "percent_statements_covered_display": "84", "num_branches": 8, "num_partial_branches": 2, "covered_branches": 6, "missing_branches": 2, "percent_branches_covered": 75.0, "percent_branches_covered_display": "75"}, "missing_lines": [220, 241, 242, 251], "excluded_lines": [], "start_line": 217, "executed_branches": [[219, 221], [245, 246], [245, 248], [248, 249], [248, 250], [250, 252]], "missing_branches": [[219, 220], [250, 251]]}, "build_request_plan": {"executed_lines": [267, 268, 270], "summary": {"covered_lines": 3, "num_statements": 4, "percent_covered": 66.66666666666667, "percent_covered_display": "67", "missing_lines": 1, "excluded_lines": 0, "percent_statements_covered": 75.0, "percent_statements_covered_display": "75", "num_branches": 2, "num_partial_branches": 1, "covered_branches": 1, "missing_branches": 1, "percent_branches_covered": 50.0, "percent_branches_covered_display": "50"}, "missing_lines": [269], "excluded_lines": [], "start_line": 264, "executed_branches": [[268, 270]], "missing_branches": [[268, 269]]}, "build_external_request_plan": {"executed_lines": [301, 302, 304, 305, 307], "summary": {"covered_lines": 5, "num_statements": 7, "percent_covered": 63.63636363636363, "percent_covered_display": "64", "missing_lines": 2, "excluded_lines": 0, "percent_statements_covered": 71.42857142857143, "percent_statements_covered_display": "71", "num_branches": 4, "num_partial_branches": 2, "covered_branches": 2, "missing_branches": 2, "percent_branches_covered": 50.0, "percent_branches_covered_display": "50"}, "missing_lines": [303, 306], "excluded_lines": [], "start_line": 298, "executed_branches": [[302, 304], [305, 307]], "missing_branches": [[302, 303], [305, 306]]}, "_parse_datetime": {"executed_lines": [336, 337], "summary": {"covered_lines": 2, "num_statements": 4, "percent_covered": 50.0, "percent_covered_display": "50", "missing_lines": 2, "excluded_lines": 0, "percent_statements_covered": 50.0, "percent_statements_covered_display": "50", "num_branches": 0, "num_partial_branches": 0, "covered_branches": 0, "missing_branches": 0, "percent_branches_covered": 100.0, "percent_branches_covered_display": "100"}, "missing_lines": [338, 339], "excluded_lines": [], "start_line": 335, "executed_branches": [], "missing_branches": []}, "main": {"executed_lines": [343, 344, 345, 346, 347, 348, 349, 350, 351, 352, 353, 354, 355, 356, 357, 358, 360, 369, 370, 371, 387, 388, 389, 390, 391, 392, 395], "summary": {"covered_lines": 27, "num_statements": 46, "percent_covered": 53.7037037037037, "percent_covered_display": "54", "missing_lines": 19, "excluded_lines": 0, "percent_statements_covered": 58.69565217391305, "percent_statements_covered_display": "59", "num_branches": 8, "num_partial_branches": 2, "covered_branches": 2, "missing_branches": 6, "percent_branches_covered": 25.0, "percent_branches_covered_display": "25"}, "missing_lines": [359, 372, 373, 374, 375, 376, 377, 378, 379, 380, 381, 382, 396, 397, 398, 399, 400, 401, 402], "excluded_lines": [], "start_line": 342, "executed_branches": [[358, 360], [371, 387]], "missing_branches": [[358, 359], [371, 372], [372, 373], [372, 374], [377, 378], [377, 379]]}, "": {"executed_lines": [7, 9, 10, 11, 12, 13, 14, 15, 16, 17, 18, 19, 20, 21, 23, 24, 25, 27, 28, 29, 30, 33, 36, 41, 42, 43, 44, 45, 46, 47, 48, 49, 52, 53, 54, 55, 56, 58, 62, 63, 64, 65, 66, 67, 68, 71, 77, 82, 103, 111, 116, 147, 150, 154, 181, 189, 196, 199, 217, 264, 298, 335, 342, 405], "summary": {"covered_lines": 64, "num_statements": 65, "percent_covered": 97.01492537313433, "percent_covered_display": "97", "missing_lines": 1, "excluded_lines": 0, "percent_statements_covered": 98.46153846153847, "percent_statements_covered_display": "98", "num_branches": 2, "num_partial_branches": 1, "covered_branches": 1, "missing_branches": 1, "percent_branches_covered": 50.0, "percent_branches_covered_display": "50"}, "missing_lines": [406], "excluded_lines": [], "start_line": 1, "executed_branches": [[405, -1]], "missing_branches": [[405, 406]]}}, "classes": {"ProtocolError": {"executed_lines": [37, 38], "summary": {"covered_lines": 2, "num_statements": 2, "percent_covered": 100.0, "percent_covered_display": "100", "missing_lines": 0, "excluded_lines": 0, "percent_statements_covered": 100.0, "percent_statements_covered_display": "100", "num_branches": 0, "num_partial_branches": 0, "covered_branches": 0, "missing_branches": 0, "percent_branches_covered": 100.0, "percent_branches_covered_display": "100"}, "missing_lines": [], "excluded_lines": [], "start_line": 33, "executed_branches": [], "missing_branches": []}, "HistoricalRequest": {"executed_lines": [], "summary": {"covered_lines": 0, "num_statements": 0, "percent_covered": 100.0, "percent_covered_display": "100", "missing_lines": 0, "excluded_lines": 0, "percent_statements_covered": 100.0, "percent_statements_covered_display": "100", "num_branches": 0, "num_partial_branches": 0, "covered_branches": 0, "missing_branches": 0, "percent_branches_covered": 100.0, "percent_branches_covered_display": "100"}, "missing_lines": [], "excluded_lines": [], "start_line": 42, "executed_branches": [], "missing_branches": []}, "GatewayPayload": {"executed_lines": [59], "summary": {"covered_lines": 1, "num_statements": 1, "percent_covered": 100.0, "percent_covered_display": "100", "missing_lines": 0, "excluded_lines": 0, "percent_statements_covered": 100.0, "percent_statements_covered_display": "100", "num_branches": 0, "num_partial_branches": 0, "covered_branches": 0, "missing_branches": 0, "percent_branches_covered": 100.0, "percent_branches_covered_display": "100"}, "missing_lines": [], "excluded_lines": [], "start_line": 53, "executed_branches": [], "missing_branches": []}, "HealthEvent": {"executed_lines": [], "summary": {"covered_lines": 0, "num_statements": 0, "percent_covered": 100.0, "percent_covered_display": "100", "missing_lines": 0, "excluded_lines": 0, "percent_statements_covered": 100.0, "percent_statements_covered_display": "100", "num_branches": 0, "num_partial_branches": 0, "covered_branches": 0, "missing_branches": 0, "percent_branches_covered": 100.0, "percent_branches_covered_display": "100"}, "missing_lines": [], "excluded_lines": [], "start_line": 63, "executed_branches": [], "missing_branches": []}, "FixtureGateway": {"executed_lines": [151, 152, 155, 156, 158, 159, 162, 163, 165, 166, 169, 171, 178], "summary": {"covered_lines": 13, "num_statements": 20, "percent_covered": 61.53846153846154, "percent_covered_display": "62", "missing_lines": 7, "excluded_lines": 0, "percent_statements_covered": 65.0, "percent_statements_covered_display": "65", "num_branches": 6, "num_partial_branches": 3, "covered_branches": 3, "missing_branches": 3, "percent_branches_covered": 50.0, "percent_branches_covered_display": "50"}, "missing_lines": [157, 160, 161, 164, 167, 168, 170], "excluded_lines": [], "start_line": 147, "executed_branches": [[156, 158], [163, 165], [169, 171]], "missing_branches": [[156, 157], [163, 164], [169, 170]]}, "ExternalGateway": {"executed_lines": [207, 209, 210, 211, 212, 213, 214, 215, 218, 219, 221, 233, 234, 235, 236, 237, 238, 239, 240, 244, 245, 246, 247, 248, 249, 250, 252, 253, 261], "summary": {"covered_lines": 29, "num_statements": 34, "percent_covered": 82.6086956521739, "percent_covered_display": "83", "missing_lines": 5, "excluded_lines": 0, "percent_statements_covered": 85.29411764705883, "percent_statements_covered_display": "85", "num_branches": 12, "num_partial_branches": 3, "covered_branches": 9, "missing_branches": 3, "percent_branches_covered": 75.0, "percent_branches_covered_display": "75"}, "missing_lines": [208, 220, 241, 242, 251], "excluded_lines": [], "start_line": 196, "executed_branches": [[207, 209], [210, 211], [210, 212], [219, 221], [245, 246], [245, 248], [248, 249], [248, 250], [250, 252]], "missing_branches": [[207, 208], [219, 220], [250, 251]]}, "": {"executed_lines": [7, 9, 10, 11, 12, 13, 14, 15, 16, 17, 18, 19, 20, 21, 23, 24, 25, 27, 28, 29, 30, 33, 36, 41, 42, 43, 44, 45, 46, 47, 48, 49, 52, 53, 54, 55, 56, 58, 62, 63, 64, 65, 66, 67, 68, 71, 72, 74, 77, 78, 82, 85, 86, 87, 88, 90, 91, 92, 93, 94, 96, 98, 99, 100, 103, 106, 107, 108, 111, 112, 113, 116, 124, 125, 126, 133, 134, 137, 138, 139, 142, 147, 150, 154, 181, 182, 183, 185, 186, 189, 190, 191, 196, 199, 217, 264, 267, 268, 270, 298, 301, 302, 304, 305, 307, 335, 336, 337, 342, 343, 344, 345, 346, 347, 348, 349, 350, 351, 352, 353, 354, 355, 356, 357, 358, 360, 369, 370, 371, 387, 388, 389, 390, 391, 392, 395, 405], "summary": {"covered_lines": 137, "num_statements": 171, "percent_covered": 75.82938388625593, "percent_covered_display": "76", "missing_lines": 34, "excluded_lines": 0, "percent_statements_covered": 80.11695906432749, "percent_statements_covered_display": "80", "num_branches": 40, "num_partial_branches": 13, "covered_branches": 23, "missing_branches": 17, "percent_branches_covered": 57.5, "percent_branches_covered_display": "58"}, "missing_lines": [73, 79, 89, 95, 97, 135, 136, 141, 184, 269, 303, 306, 338, 339, 359, 372, 373, 374, 375, 376, 377, 378, 379, 380, 381, 382, 396, 397, 398, 399, 400, 401, 402, 406], "excluded_lines": [], "start_line": 1, "executed_branches": [[72, 74], [78, -77], [88, 90], [90, 91], [90, 92], [94, 96], [96, 98], [98, 99], [98, 100], [106, -103], [106, 107], [107, 106], [107, 108], [125, 126], [125, 137], [137, 138], [183, 185], [268, 270], [302, 304], [305, 307], [358, 360], [371, 387], [405, -1]], "missing_branches": [[72, 73], [78, 79], [88, 89], [94, 95], [96, 97], [137, 141], [183, 184], [268, 269], [302, 303], [305, 306], [358, 359], [371, 372], [372, 373], [372, 374], [377, 378], [377, 379], [405, 406]]}}}, "src\\autotrade\\market_data\\catalog_resolver.py": {"executed_lines": [7, 9, 10, 11, 12, 13, 15, 18, 19, 22, 23, 24, 25, 26, 29, 30, 33, 34, 35, 36, 37, 40, 41, 42, 43, 44, 45, 46, 47, 48, 49, 50, 51, 54, 57, 61, 64, 65, 66, 69, 72, 73, 74, 75, 77, 78, 80, 81, 82, 84, 90, 92, 93, 94, 104, 105, 106, 107, 108, 109, 110, 113, 114, 117, 122, 123, 125, 135, 136, 137, 139, 140, 141, 142, 143, 144, 146, 160, 161, 162, 164, 167, 168, 169, 171, 174, 175, 176, 177], "summary": {"covered_lines": 89, "num_statements": 97, "percent_covered": 88.4297520661157, "percent_covered_display": "88", "missing_lines": 8, "excluded_lines": 0, "percent_statements_covered": 91.75257731958763, "percent_statements_covered_display": "92", "num_branches": 24, "num_partial_branches": 6, "covered_branches": 18, "missing_branches": 6, "percent_branches_covered": 75.0, "percent_branches_covered_display": "75"}, "missing_lines": [83, 124, 138, 145, 163, 170, 178, 179], "excluded_lines": [], "executed_branches": [[82, 84], [92, 93], [92, 94], [104, 105], [104, 106], [106, 107], [106, 108], [109, 110], [109, 113], [113, 114], [113, 117], [123, 125], [137, 139], [140, 141], [140, 142], [144, 146], [162, 164], [169, 171]], "missing_branches": [[82, 83], [123, 124], [137, 138], [144, 145], [162, 163], [169, 170]], "functions": {"CatalogAudit.record": {"executed_lines": [], "summary": {"covered_lines": 0, "num_statements": 0, "percent_covered": 100.0, "percent_covered_display": "100", "missing_lines": 0, "excluded_lines": 0, "percent_statements_covered": 100.0, "percent_statements_covered_display": "100", "num_branches": 0, "num_partial_branches": 0, "covered_branches": 0, "missing_branches": 0, "percent_branches_covered": 100.0, "percent_branches_covered_display": "100"}, "missing_lines": [], "excluded_lines": [], "start_line": 57, "executed_branches": [], "missing_branches": []}, "InMemoryCatalogAudit.record": {"executed_lines": [65, 66], "summary": {"covered_lines": 2, "num_statements": 2, "percent_covered": 100.0, "percent_covered_display": "100", "missing_lines": 0, "excluded_lines": 0, "percent_statements_covered": 100.0, "percent_statements_covered_display": "100", "num_branches": 0, "num_partial_branches": 0, "covered_branches": 0, "missing_branches": 0, "percent_branches_covered": 100.0, "percent_branches_covered_display": "100"}, "missing_lines": [], "excluded_lines": [], "start_line": 64, "executed_branches": [], "missing_branches": []}, "CatalogResolver.__init__": {"executed_lines": [73, 74, 75], "summary": {"covered_lines": 3, "num_statements": 3, "percent_covered": 100.0, "percent_covered_display": "100", "missing_lines": 0, "excluded_lines": 0, "percent_statements_covered": 100.0, "percent_statements_covered_display": "100", "num_branches": 0, "num_partial_branches": 0, "covered_branches": 0, "missing_branches": 0, "percent_branches_covered": 100.0, "percent_branches_covered_display": "100"}, "missing_lines": [], "excluded_lines": [], "start_line": 72, "executed_branches": [], "missing_branches": []}, "CatalogResolver.from_fixture": {"executed_lines": [80, 81, 82, 84], "summary": {"covered_lines": 4, "num_statements": 5, "percent_covered": 71.42857142857143, "percent_covered_display": "71", "missing_lines": 1, "excluded_lines": 0, "percent_statements_covered": 80.0, "percent_statements_covered_display": "80", "num_branches": 2, "num_partial_branches": 1, "covered_branches": 1, "missing_branches": 1, "percent_branches_covered": 50.0, "percent_branches_covered_display": "50"}, "missing_lines": [83], "excluded_lines": [], "start_line": 78, "executed_branches": [[82, 84]], "missing_branches": [[82, 83]]}, "CatalogResolver.resolve": {"executed_lines": [92, 93, 94, 104, 105, 106, 107, 108, 109, 110, 113, 114, 117], "summary": {"covered_lines": 13, "num_statements": 13, "percent_covered": 100.0, "percent_covered_display": "100", "missing_lines": 0, "excluded_lines": 0, "percent_statements_covered": 100.0, "percent_statements_covered_display": "100", "num_branches": 10, "num_partial_branches": 0, "covered_branches": 10, "missing_branches": 0, "percent_branches_covered": 100.0, "percent_branches_covered_display": "100"}, "missing_lines": [], "excluded_lines": [], "start_line": 90, "executed_branches": [[92, 93], [92, 94], [104, 105], [104, 106], [106, 107], [106, 108], [109, 110], [109, 113], [113, 114], [113, 117]], "missing_branches": []}, "_mapping_from_fixture": {"executed_lines": [123, 125, 135, 136, 137, 139, 140, 141, 142, 143, 144, 146], "summary": {"covered_lines": 12, "num_statements": 15, "percent_covered": 73.91304347826087, "percent_covered_display": "74", "missing_lines": 3, "excluded_lines": 0, "percent_statements_covered": 80.0, "percent_statements_covered_display": "80", "num_branches": 8, "num_partial_branches": 3, "covered_branches": 5, "missing_branches": 3, "percent_branches_covered": 62.5, "percent_branches_covered_display": "62"}, "missing_lines": [124, 138, 145], "excluded_lines": [], "start_line": 122, "executed_branches": [[123, 125], [137, 139], [140, 141], [140, 142], [144, 146]], "missing_branches": [[123, 124], [137, 138], [144, 145]]}, "_utc_datetime": {"executed_lines": [161, 162, 164], "summary": {"covered_lines": 3, "num_statements": 4, "percent_covered": 66.66666666666667, "percent_covered_display": "67", "missing_lines": 1, "excluded_lines": 0, "percent_statements_covered": 75.0, "percent_statements_covered_display": "75", "num_branches": 2, "num_partial_branches": 1, "covered_branches": 1, "missing_branches": 1, "percent_branches_covered": 50.0, "percent_branches_covered_display": "50"}, "missing_lines": [163], "excluded_lines": [], "start_line": 160, "executed_branches": [[162, 164]], "missing_branches": [[162, 163]]}, "_required_string": {"executed_lines": [168, 169, 171], "summary": {"covered_lines": 3, "num_statements": 4, "percent_covered": 66.66666666666667, "percent_covered_display": "67", "missing_lines": 1, "excluded_lines": 0, "percent_statements_covered": 75.0, "percent_statements_covered_display": "75", "num_branches": 2, "num_partial_branches": 1, "covered_branches": 1, "missing_branches": 1, "percent_branches_covered": 50.0, "percent_branches_covered_display": "50"}, "missing_lines": [170], "excluded_lines": [], "start_line": 167, "executed_branches": [[169, 171]], "missing_branches": [[169, 170]]}, "_is_positive_decimal": {"executed_lines": [175, 176, 177], "summary": {"covered_lines": 3, "num_statements": 5, "percent_covered": 60.0, "percent_covered_display": "60", "missing_lines": 2, "excluded_lines": 0, "percent_statements_covered": 60.0, "percent_statements_covered_display": "60", "num_branches": 0, "num_partial_branches": 0, "covered_branches": 0, "missing_branches": 0, "percent_branches_covered": 100.0, "percent_branches_covered_display": "100"}, "missing_lines": [178, 179], "excluded_lines": [], "start_line": 174, "executed_branches": [], "missing_branches": []}, "": {"executed_lines": [7, 9, 10, 11, 12, 13, 15, 18, 19, 22, 23, 24, 25, 26, 29, 30, 33, 34, 35, 36, 37, 40, 41, 42, 43, 44, 45, 46, 47, 48, 49, 50, 51, 54, 57, 61, 64, 69, 72, 77, 78, 90, 122, 160, 167, 174], "summary": {"covered_lines": 46, "num_statements": 46, "percent_covered": 100.0, "percent_covered_display": "100", "missing_lines": 0, "excluded_lines": 0, "percent_statements_covered": 100.0, "percent_statements_covered_display": "100", "num_branches": 0, "num_partial_branches": 0, "covered_branches": 0, "missing_branches": 0, "percent_branches_covered": 100.0, "percent_branches_covered_display": "100"}, "missing_lines": [], "excluded_lines": [], "start_line": 1, "executed_branches": [], "missing_branches": []}}, "classes": {"ResolveInstrumentRequest": {"executed_lines": [], "summary": {"covered_lines": 0, "num_statements": 0, "percent_covered": 100.0, "percent_covered_display": "100", "missing_lines": 0, "excluded_lines": 0, "percent_statements_covered": 100.0, "percent_statements_covered_display": "100", "num_branches": 0, "num_partial_branches": 0, "covered_branches": 0, "missing_branches": 0, "percent_branches_covered": 100.0, "percent_branches_covered_display": "100"}, "missing_lines": [], "excluded_lines": [], "start_line": 19, "executed_branches": [], "missing_branches": []}, "ResolveInstrumentResult": {"executed_lines": [], "summary": {"covered_lines": 0, "num_statements": 0, "percent_covered": 100.0, "percent_covered_display": "100", "missing_lines": 0, "excluded_lines": 0, "percent_statements_covered": 100.0, "percent_statements_covered_display": "100", "num_branches": 0, "num_partial_branches": 0, "covered_branches": 0, "missing_branches": 0, "percent_branches_covered": 100.0, "percent_branches_covered_display": "100"}, "missing_lines": [], "excluded_lines": [], "start_line": 30, "executed_branches": [], "missing_branches": []}, "_Mapping": {"executed_lines": [], "summary": {"covered_lines": 0, "num_statements": 0, "percent_covered": 100.0, "percent_covered_display": "100", "missing_lines": 0, "excluded_lines": 0, "percent_statements_covered": 100.0, "percent_statements_covered_display": "100", "num_branches": 0, "num_partial_branches": 0, "covered_branches": 0, "missing_branches": 0, "percent_branches_covered": 100.0, "percent_branches_covered_display": "100"}, "missing_lines": [], "excluded_lines": [], "start_line": 41, "executed_branches": [], "missing_branches": []}, "CatalogAudit": {"executed_lines": [], "summary": {"covered_lines": 0, "num_statements": 0, "percent_covered": 100.0, "percent_covered_display": "100", "missing_lines": 0, "excluded_lines": 0, "percent_statements_covered": 100.0, "percent_statements_covered_display": "100", "num_branches": 0, "num_partial_branches": 0, "covered_branches": 0, "missing_branches": 0, "percent_branches_covered": 100.0, "percent_branches_covered_display": "100"}, "missing_lines": [], "excluded_lines": [], "start_line": 54, "executed_branches": [], "missing_branches": []}, "InMemoryCatalogAudit": {"executed_lines": [65, 66], "summary": {"covered_lines": 2, "num_statements": 2, "percent_covered": 100.0, "percent_covered_display": "100", "missing_lines": 0, "excluded_lines": 0, "percent_statements_covered": 100.0, "percent_statements_covered_display": "100", "num_branches": 0, "num_partial_branches": 0, "covered_branches": 0, "missing_branches": 0, "percent_branches_covered": 100.0, "percent_branches_covered_display": "100"}, "missing_lines": [], "excluded_lines": [], "start_line": 61, "executed_branches": [], "missing_branches": []}, "CatalogResolver": {"executed_lines": [73, 74, 75, 80, 81, 82, 84, 92, 93, 94, 104, 105, 106, 107, 108, 109, 110, 113, 114, 117], "summary": {"covered_lines": 20, "num_statements": 21, "percent_covered": 93.93939393939394, "percent_covered_display": "94", "missing_lines": 1, "excluded_lines": 0, "percent_statements_covered": 95.23809523809524, "percent_statements_covered_display": "95", "num_branches": 12, "num_partial_branches": 1, "covered_branches": 11, "missing_branches": 1, "percent_branches_covered": 91.66666666666667, "percent_branches_covered_display": "92"}, "missing_lines": [83], "excluded_lines": [], "start_line": 69, "executed_branches": [[82, 84], [92, 93], [92, 94], [104, 105], [104, 106], [106, 107], [106, 108], [109, 110], [109, 113], [113, 114], [113, 117]], "missing_branches": [[82, 83]]}, "": {"executed_lines": [7, 9, 10, 11, 12, 13, 15, 18, 19, 22, 23, 24, 25, 26, 29, 30, 33, 34, 35, 36, 37, 40, 41, 42, 43, 44, 45, 46, 47, 48, 49, 50, 51, 54, 57, 61, 64, 69, 72, 77, 78, 90, 122, 123, 125, 135, 136, 137, 139, 140, 141, 142, 143, 144, 146, 160, 161, 162, 164, 167, 168, 169, 171, 174, 175, 176, 177], "summary": {"covered_lines": 67, "num_statements": 74, "percent_covered": 86.04651162790698, "percent_covered_display": "86", "missing_lines": 7, "excluded_lines": 0, "percent_statements_covered": 90.54054054054055, "percent_statements_covered_display": "91", "num_branches": 12, "num_partial_branches": 5, "covered_branches": 7, "missing_branches": 5, "percent_branches_covered": 58.333333333333336, "percent_branches_covered_display": "58"}, "missing_lines": [124, 138, 145, 163, 170, 178, 179], "excluded_lines": [], "start_line": 1, "executed_branches": [[123, 125], [137, 139], [140, 141], [140, 142], [144, 146], [162, 164], [169, 171]], "missing_branches": [[123, 124], [137, 138], [144, 145], [162, 163], [169, 170]]}}}, "src\\autotrade\\market_data\\manifest.py": {"executed_lines": [3, 5, 7, 10, 13, 14, 25, 27, 29, 30, 40, 41], "summary": {"covered_lines": 12, "num_statements": 14, "percent_covered": 77.77777777777777, "percent_covered_display": "78", "missing_lines": 2, "excluded_lines": 0, "percent_statements_covered": 85.71428571428571, "percent_statements_covered_display": "86", "num_branches": 4, "num_partial_branches": 2, "covered_branches": 2, "missing_branches": 2, "percent_branches_covered": 50.0, "percent_branches_covered_display": "50"}, "missing_lines": [26, 28], "excluded_lines": [], "executed_branches": [[25, 27], [27, 29]], "missing_branches": [[25, 26], [27, 28]], "functions": {"ManifestBuilder.build": {"executed_lines": [25, 27, 29, 30, 40, 41], "summary": {"covered_lines": 6, "num_statements": 8, "percent_covered": 66.66666666666667, "percent_covered_display": "67", "missing_lines": 2, "excluded_lines": 0, "percent_statements_covered": 75.0, "percent_statements_covered_display": "75", "num_branches": 4, "num_partial_branches": 2, "covered_branches": 2, "missing_branches": 2, "percent_branches_covered": 50.0, "percent_branches_covered_display": "50"}, "missing_lines": [26, 28], "excluded_lines": [], "start_line": 14, "executed_branches": [[25, 27], [27, 29]], "missing_branches": [[25, 26], [27, 28]]}, "": {"executed_lines": [3, 5, 7, 10, 13, 14], "summary": {"covered_lines": 6, "num_statements": 6, "percent_covered": 100.0, "percent_covered_display": "100", "missing_lines": 0, "excluded_lines": 0, "percent_statements_covered": 100.0, "percent_statements_covered_display": "100", "num_branches": 0, "num_partial_branches": 0, "covered_branches": 0, "missing_branches": 0, "percent_branches_covered": 100.0, "percent_branches_covered_display": "100"}, "missing_lines": [], "excluded_lines": [], "start_line": 1, "executed_branches": [], "missing_branches": []}}, "classes": {"ManifestBuilder": {"executed_lines": [25, 27, 29, 30, 40, 41], "summary": {"covered_lines": 6, "num_statements": 8, "percent_covered": 66.66666666666667, "percent_covered_display": "67", "missing_lines": 2, "excluded_lines": 0, "percent_statements_covered": 75.0, "percent_statements_covered_display": "75", "num_branches": 4, "num_partial_branches": 2, "covered_branches": 2, "missing_branches": 2, "percent_branches_covered": 50.0, "percent_branches_covered_display": "50"}, "missing_lines": [26, 28], "excluded_lines": [], "start_line": 10, "executed_branches": [[25, 27], [27, 29]], "missing_branches": [[25, 26], [27, 28]]}, "": {"executed_lines": [3, 5, 7, 10, 13, 14], "summary": {"covered_lines": 6, "num_statements": 6, "percent_covered": 100.0, "percent_covered_display": "100", "missing_lines": 0, "excluded_lines": 0, "percent_statements_covered": 100.0, "percent_statements_covered_display": "100", "num_branches": 0, "num_partial_branches": 0, "covered_branches": 0, "missing_branches": 0, "percent_branches_covered": 100.0, "percent_branches_covered_display": "100"}, "missing_lines": [], "excluded_lines": [], "start_line": 1, "executed_branches": [], "missing_branches": []}}}, "src\\autotrade\\market_data\\normalized_store.py": {"executed_lines": [3, 5, 6, 7, 8, 9, 10, 12, 13, 14, 22, 25, 26, 28, 34, 35, 36, 38, 39, 40, 41, 42, 44, 45, 46, 47, 48, 50, 51, 52, 54, 55, 56, 57, 58, 61, 63, 64, 65, 69, 86, 87, 89, 91, 92, 93, 98, 101, 102, 103, 109, 110, 112, 113, 115, 128, 129, 131, 132, 134, 135, 136, 138, 148, 149, 151, 152, 154, 167, 168, 169, 171], "summary": {"covered_lines": 72, "num_statements": 96, "percent_covered": 67.3913043478261, "percent_covered_display": "67", "missing_lines": 24, "excluded_lines": 0, "percent_statements_covered": 75.0, "percent_statements_covered_display": "75", "num_branches": 42, "num_partial_branches": 15, "covered_branches": 21, "missing_branches": 21, "percent_branches_covered": 50.0, "percent_branches_covered_display": "50"}, "missing_lines": [37, 43, 53, 59, 60, 62, 70, 80, 81, 82, 83, 84, 88, 104, 105, 106, 111, 114, 130, 133, 137, 150, 153, 170], "excluded_lines": [], "executed_branches": [[34, 35], [34, 36], [36, 38], [40, 41], [40, 44], [41, 42], [52, 54], [61, 63], [63, 64], [63, 65], [65, 69], [87, 89], [102, 103], [110, 112], [113, 115], [129, 131], [132, 134], [136, 138], [149, 151], [152, 154], [169, 171]], "missing_branches": [[36, 37], [41, 43], [52, 53], [61, 62], [65, 70], [80, 81], [80, 82], [82, 83], [82, 84], [87, 88], [102, 104], [104, 105], [104, 106], [110, 111], [113, 114], [129, 130], [132, 133], [136, 137], [149, 150], [152, 153], [169, 170]], "functions": {"LocalNormalizedStore.__init__": {"executed_lines": [26], "summary": {"covered_lines": 1, "num_statements": 1, "percent_covered": 100.0, "percent_covered_display": "100", "missing_lines": 0, "excluded_lines": 0, "percent_statements_covered": 100.0, "percent_statements_covered_display": "100", "num_branches": 0, "num_partial_branches": 0, "covered_branches": 0, "missing_branches": 0, "percent_branches_covered": 100.0, "percent_branches_covered_display": "100"}, "missing_lines": [], "excluded_lines": [], "start_line": 25, "executed_branches": [], "missing_branches": []}, "LocalNormalizedStore.write_if_absent": {"executed_lines": [34, 35, 36, 38, 39, 40, 41, 42, 44, 45, 46, 47, 48], "summary": {"covered_lines": 13, "num_statements": 15, "percent_covered": 82.6086956521739, "percent_covered_display": "83", "missing_lines": 2, "excluded_lines": 0, "percent_statements_covered": 86.66666666666667, "percent_statements_covered_display": "87", "num_branches": 8, "num_partial_branches": 2, "covered_branches": 6, "missing_branches": 2, "percent_branches_covered": 75.0, "percent_branches_covered_display": "75"}, "missing_lines": [37, 43], "excluded_lines": [], "start_line": 28, "executed_branches": [[34, 35], [34, 36], [36, 38], [40, 41], [40, 44], [41, 42]], "missing_branches": [[36, 37], [41, 43]]}, "LocalNormalizedStore.read_replay_snapshot": {"executed_lines": [51, 52, 54, 55, 56, 57, 58, 61, 63, 64, 65, 69], "summary": {"covered_lines": 12, "num_statements": 22, "percent_covered": 50.0, "percent_covered_display": "50", "missing_lines": 10, "excluded_lines": 0, "percent_statements_covered": 54.54545454545455, "percent_statements_covered_display": "55", "num_branches": 12, "num_partial_branches": 3, "covered_branches": 5, "missing_branches": 7, "percent_branches_covered": 41.666666666666664, "percent_branches_covered_display": "42"}, "missing_lines": [53, 59, 60, 62, 70, 80, 81, 82, 83, 84], "excluded_lines": [], "start_line": 50, "executed_branches": [[52, 54], [61, 63], [63, 64], [63, 65], [65, 69]], "missing_branches": [[52, 53], [61, 62], [65, 70], [80, 81], [80, 82], [82, 83], [82, 84]]}, "LocalNormalizedStore._path": {"executed_lines": [87, 89], "summary": {"covered_lines": 2, "num_statements": 3, "percent_covered": 60.0, "percent_covered_display": "60", "missing_lines": 1, "excluded_lines": 0, "percent_statements_covered": 66.66666666666667, "percent_statements_covered_display": "67", "num_branches": 2, "num_partial_branches": 1, "covered_branches": 1, "missing_branches": 1, "percent_branches_covered": 50.0, "percent_branches_covered_display": "50"}, "missing_lines": [88], "excluded_lines": [], "start_line": 86, "executed_branches": [[87, 89]], "missing_branches": [[87, 88]]}, "LocalNormalizedStore._serialize": {"executed_lines": [93, 98], "summary": {"covered_lines": 2, "num_statements": 2, "percent_covered": 100.0, "percent_covered_display": "100", "missing_lines": 0, "excluded_lines": 0, "percent_statements_covered": 100.0, "percent_statements_covered_display": "100", "num_branches": 0, "num_partial_branches": 0, "covered_branches": 0, "missing_branches": 0, "percent_branches_covered": 100.0, "percent_branches_covered_display": "100"}, "missing_lines": [], "excluded_lines": [], "start_line": 92, "executed_branches": [], "missing_branches": []}, "_json_default": {"executed_lines": [102, 103], "summary": {"covered_lines": 2, "num_statements": 5, "percent_covered": 33.333333333333336, "percent_covered_display": "33", "missing_lines": 3, "excluded_lines": 0, "percent_statements_covered": 40.0, "percent_statements_covered_display": "40", "num_branches": 4, "num_partial_branches": 1, "covered_branches": 1, "missing_branches": 3, "percent_branches_covered": 25.0, "percent_branches_covered_display": "25"}, "missing_lines": [104, 105, 106], "excluded_lines": [], "start_line": 101, "executed_branches": [[102, 103]], "missing_branches": [[102, 104], [104, 105], [104, 106]]}, "_manifest_from_json": {"executed_lines": [110, 112, 113, 115], "summary": {"covered_lines": 4, "num_statements": 6, "percent_covered": 60.0, "percent_covered_display": "60", "missing_lines": 2, "excluded_lines": 0, "percent_statements_covered": 66.66666666666667, "percent_statements_covered_display": "67", "num_branches": 4, "num_partial_branches": 2, "covered_branches": 2, "missing_branches": 2, "percent_branches_covered": 50.0, "percent_branches_covered_display": "50"}, "missing_lines": [111, 114], "excluded_lines": [], "start_line": 109, "executed_branches": [[110, 112], [113, 115]], "missing_branches": [[110, 111], [113, 114]]}, "_report_from_json": {"executed_lines": [129, 131, 132, 134, 135, 136, 138], "summary": {"covered_lines": 7, "num_statements": 10, "percent_covered": 62.5, "percent_covered_display": "62", "missing_lines": 3, "excluded_lines": 0, "percent_statements_covered": 70.0, "percent_statements_covered_display": "70", "num_branches": 6, "num_partial_branches": 3, "covered_branches": 3, "missing_branches": 3, "percent_branches_covered": 50.0, "percent_branches_covered_display": "50"}, "missing_lines": [130, 133, 137], "excluded_lines": [], "start_line": 128, "executed_branches": [[129, 131], [132, 134], [136, 138]], "missing_branches": [[129, 130], [132, 133], [136, 137]]}, "_bar_from_json": {"executed_lines": [149, 151, 152, 154], "summary": {"covered_lines": 4, "num_statements": 6, "percent_covered": 60.0, "percent_covered_display": "60", "missing_lines": 2, "excluded_lines": 0, "percent_statements_covered": 66.66666666666667, "percent_statements_covered_display": "67", "num_branches": 4, "num_partial_branches": 2, "covered_branches": 2, "missing_branches": 2, "percent_branches_covered": 50.0, "percent_branches_covered_display": "50"}, "missing_lines": [150, 153], "excluded_lines": [], "start_line": 148, "executed_branches": [[149, 151], [152, 154]], "missing_branches": [[149, 150], [152, 153]]}, "_string": {"executed_lines": [168, 169, 171], "summary": {"covered_lines": 3, "num_statements": 4, "percent_covered": 66.66666666666667, "percent_covered_display": "67", "missing_lines": 1, "excluded_lines": 0, "percent_statements_covered": 75.0, "percent_statements_covered_display": "75", "num_branches": 2, "num_partial_branches": 1, "covered_branches": 1, "missing_branches": 1, "percent_branches_covered": 50.0, "percent_branches_covered_display": "50"}, "missing_lines": [170], "excluded_lines": [], "start_line": 167, "executed_branches": [[169, 171]], "missing_branches": [[169, 170]]}, "": {"executed_lines": [3, 5, 6, 7, 8, 9, 10, 12, 13, 14, 22, 25, 28, 50, 86, 91, 92, 101, 109, 128, 148, 167], "summary": {"covered_lines": 22, "num_statements": 22, "percent_covered": 100.0, "percent_covered_display": "100", "missing_lines": 0, "excluded_lines": 0, "percent_statements_covered": 100.0, "percent_statements_covered_display": "100", "num_branches": 0, "num_partial_branches": 0, "covered_branches": 0, "missing_branches": 0, "percent_branches_covered": 100.0, "percent_branches_covered_display": "100"}, "missing_lines": [], "excluded_lines": [], "start_line": 1, "executed_branches": [], "missing_branches": []}}, "classes": {"LocalNormalizedStore": {"executed_lines": [26, 34, 35, 36, 38, 39, 40, 41, 42, 44, 45, 46, 47, 48, 51, 52, 54, 55, 56, 57, 58, 61, 63, 64, 65, 69, 87, 89, 93, 98], "summary": {"covered_lines": 30, "num_statements": 43, "percent_covered": 64.61538461538461, "percent_covered_display": "65", "missing_lines": 13, "excluded_lines": 0, "percent_statements_covered": 69.76744186046511, "percent_statements_covered_display": "70", "num_branches": 22, "num_partial_branches": 6, "covered_branches": 12, "missing_branches": 10, "percent_branches_covered": 54.54545454545455, "percent_branches_covered_display": "55"}, "missing_lines": [37, 43, 53, 59, 60, 62, 70, 80, 81, 82, 83, 84, 88], "excluded_lines": [], "start_line": 22, "executed_branches": [[34, 35], [34, 36], [36, 38], [40, 41], [40, 44], [41, 42], [52, 54], [61, 63], [63, 64], [63, 65], [65, 69], [87, 89]], "missing_branches": [[36, 37], [41, 43], [52, 53], [61, 62], [65, 70], [80, 81], [80, 82], [82, 83], [82, 84], [87, 88]]}, "": {"executed_lines": [3, 5, 6, 7, 8, 9, 10, 12, 13, 14, 22, 25, 28, 50, 86, 91, 92, 101, 102, 103, 109, 110, 112, 113, 115, 128, 129, 131, 132, 134, 135, 136, 138, 148, 149, 151, 152, 154, 167, 168, 169, 171], "summary": {"covered_lines": 42, "num_statements": 53, "percent_covered": 69.86301369863014, "percent_covered_display": "70", "missing_lines": 11, "excluded_lines": 0, "percent_statements_covered": 79.24528301886792, "percent_statements_covered_display": "79", "num_branches": 20, "num_partial_branches": 9, "covered_branches": 9, "missing_branches": 11, "percent_branches_covered": 45.0, "percent_branches_covered_display": "45"}, "missing_lines": [104, 105, 106, 111, 114, 130, 133, 137, 150, 153, 170], "excluded_lines": [], "start_line": 1, "executed_branches": [[102, 103], [110, 112], [113, 115], [129, 131], [132, 134], [136, 138], [149, 151], [152, 154], [169, 171]], "missing_branches": [[102, 104], [104, 105], [104, 106], [110, 111], [113, 114], [129, 130], [132, 133], [136, 137], [149, 150], [152, 153], [169, 170]]}}}, "src\\autotrade\\market_data\\quality.py": {"executed_lines": [3, 5, 6, 7, 8, 10, 12, 26, 29, 30, 35, 36, 37, 38, 40, 41, 43, 44, 45, 46, 47, 48, 52, 54, 55, 57, 58, 60, 62, 64, 65, 66, 67, 75, 76, 78, 84, 89, 90, 91, 94, 96, 97], "summary": {"covered_lines": 43, "num_statements": 51, "percent_covered": 79.1044776119403, "percent_covered_display": "79", "missing_lines": 8, "excluded_lines": 0, "percent_statements_covered": 84.31372549019608, "percent_statements_covered_display": "84", "num_branches": 16, "num_partial_branches": 6, "covered_branches": 10, "missing_branches": 6, "percent_branches_covered": 62.5, "percent_branches_covered_display": "62"}, "missing_lines": [42, 50, 56, 59, 61, 92, 93, 95], "excluded_lines": [], "executed_branches": [[40, 41], [40, 64], [41, 43], [45, 46], [45, 52], [46, 47], [55, 57], [58, 60], [60, 62], [94, 96]], "missing_branches": [[41, 42], [46, 50], [55, 56], [58, 59], [60, 61], [94, 95]], "functions": {"QualityChecker.check": {"executed_lines": [35, 36, 37, 38, 40, 41, 43, 44, 45, 46, 47, 48, 52, 54, 55, 57, 58, 60, 62, 64, 65, 66, 67], "summary": {"covered_lines": 23, "num_statements": 28, "percent_covered": 76.19047619047619, "percent_covered_display": "76", "missing_lines": 5, "excluded_lines": 0, "percent_statements_covered": 82.14285714285714, "percent_statements_covered_display": "82", "num_branches": 14, "num_partial_branches": 5, "covered_branches": 9, "missing_branches": 5, "percent_branches_covered": 64.28571428571429, "percent_branches_covered_display": "64"}, "missing_lines": [42, 50, 56, 59, 61], "excluded_lines": [], "start_line": 30, "executed_branches": [[40, 41], [40, 64], [41, 43], [45, 46], [45, 52], [46, 47], [55, 57], [58, 60], [60, 62]], "missing_branches": [[41, 42], [46, 50], [55, 56], [58, 59], [60, 61]]}, "QualityChecker.report_hash": {"executed_lines": [78, 84], "summary": {"covered_lines": 2, "num_statements": 2, "percent_covered": 100.0, "percent_covered_display": "100", "missing_lines": 0, "excluded_lines": 0, "percent_statements_covered": 100.0, "percent_statements_covered_display": "100", "num_branches": 0, "num_partial_branches": 0, "covered_branches": 0, "missing_branches": 0, "percent_branches_covered": 100.0, "percent_branches_covered_display": "100"}, "missing_lines": [], "excluded_lines": [], "start_line": 76, "executed_branches": [], "missing_branches": []}, "_valid_prices": {"executed_lines": [90, 91, 94, 96, 97], "summary": {"covered_lines": 5, "num_statements": 8, "percent_covered": 60.0, "percent_covered_display": "60", "missing_lines": 3, "excluded_lines": 0, "percent_statements_covered": 62.5, "percent_statements_covered_display": "62", "num_branches": 2, "num_partial_branches": 1, "covered_branches": 1, "missing_branches": 1, "percent_branches_covered": 50.0, "percent_branches_covered_display": "50"}, "missing_lines": [92, 93, 95], "excluded_lines": [], "start_line": 89, "executed_branches": [[94, 96]], "missing_branches": [[94, 95]]}, "": {"executed_lines": [3, 5, 6, 7, 8, 10, 12, 26, 29, 30, 75, 76, 89], "summary": {"covered_lines": 13, "num_statements": 13, "percent_covered": 100.0, "percent_covered_display": "100", "missing_lines": 0, "excluded_lines": 0, "percent_statements_covered": 100.0, "percent_statements_covered_display": "100", "num_branches": 0, "num_partial_branches": 0, "covered_branches": 0, "missing_branches": 0, "percent_branches_covered": 100.0, "percent_branches_covered_display": "100"}, "missing_lines": [], "excluded_lines": [], "start_line": 1, "executed_branches": [], "missing_branches": []}}, "classes": {"QualityChecker": {"executed_lines": [35, 36, 37, 38, 40, 41, 43, 44, 45, 46, 47, 48, 52, 54, 55, 57, 58, 60, 62, 64, 65, 66, 67, 78, 84], "summary": {"covered_lines": 25, "num_statements": 30, "percent_covered": 77.27272727272727, "percent_covered_display": "77", "missing_lines": 5, "excluded_lines": 0, "percent_statements_covered": 83.33333333333333, "percent_statements_covered_display": "83", "num_branches": 14, "num_partial_branches": 5, "covered_branches": 9, "missing_branches": 5, "percent_branches_covered": 64.28571428571429, "percent_branches_covered_display": "64"}, "missing_lines": [42, 50, 56, 59, 61], "excluded_lines": [], "start_line": 26, "executed_branches": [[40, 41], [40, 64], [41, 43], [45, 46], [45, 52], [46, 47], [55, 57], [58, 60], [60, 62]], "missing_branches": [[41, 42], [46, 50], [55, 56], [58, 59], [60, 61]]}, "": {"executed_lines": [3, 5, 6, 7, 8, 10, 12, 26, 29, 30, 75, 76, 89, 90, 91, 94, 96, 97], "summary": {"covered_lines": 18, "num_statements": 21, "percent_covered": 82.6086956521739, "percent_covered_display": "83", "missing_lines": 3, "excluded_lines": 0, "percent_statements_covered": 85.71428571428571, "percent_statements_covered_display": "86", "num_branches": 2, "num_partial_branches": 1, "covered_branches": 1, "missing_branches": 1, "percent_branches_covered": 50.0, "percent_branches_covered_display": "50"}, "missing_lines": [92, 93, 95], "excluded_lines": [], "start_line": 1, "executed_branches": [[94, 96]], "missing_branches": [[94, 95]]}}}, "src\\autotrade\\market_data\\raw_store.py": {"executed_lines": [3, 5, 6, 7, 8, 9, 11, 13, 16, 19, 20, 22, 23, 24, 25, 27, 28, 30, 31, 32, 33, 34, 35, 36, 37, 38, 40, 41, 42, 43, 44, 50, 51, 52, 53], "summary": {"covered_lines": 35, "num_statements": 36, "percent_covered": 95.65217391304348, "percent_covered_display": "96", "missing_lines": 1, "excluded_lines": 0, "percent_statements_covered": 97.22222222222223, "percent_statements_covered_display": "97", "num_branches": 10, "num_partial_branches": 1, "covered_branches": 9, "missing_branches": 1, "percent_branches_covered": 90.0, "percent_branches_covered_display": "90"}, "missing_lines": [26], "excluded_lines": [], "executed_branches": [[23, 24], [23, 25], [25, 27], [27, 28], [27, 30], [35, 36], [35, 40], [36, 37], [36, 38]], "missing_branches": [[25, 26]], "functions": {"LocalRawStore.__init__": {"executed_lines": [20], "summary": {"covered_lines": 1, "num_statements": 1, "percent_covered": 100.0, "percent_covered_display": "100", "missing_lines": 0, "excluded_lines": 0, "percent_statements_covered": 100.0, "percent_statements_covered_display": "100", "num_branches": 0, "num_partial_branches": 0, "covered_branches": 0, "missing_branches": 0, "percent_branches_covered": 100.0, "percent_branches_covered_display": "100"}, "missing_lines": [], "excluded_lines": [], "start_line": 19, "executed_branches": [], "missing_branches": []}, "LocalRawStore.put_if_absent": {"executed_lines": [23, 24, 25, 27, 28, 30, 31, 32, 33, 34, 35, 36, 37, 38, 40, 41, 42, 43, 44, 50, 51, 52, 53], "summary": {"covered_lines": 23, "num_statements": 24, "percent_covered": 94.11764705882354, "percent_covered_display": "94", "missing_lines": 1, "excluded_lines": 0, "percent_statements_covered": 95.83333333333333, "percent_statements_covered_display": "96", "num_branches": 10, "num_partial_branches": 1, "covered_branches": 9, "missing_branches": 1, "percent_branches_covered": 90.0, "percent_branches_covered_display": "90"}, "missing_lines": [26], "excluded_lines": [], "start_line": 22, "executed_branches": [[23, 24], [23, 25], [25, 27], [27, 28], [27, 30], [35, 36], [35, 40], [36, 37], [36, 38]], "missing_branches": [[25, 26]]}, "": {"executed_lines": [3, 5, 6, 7, 8, 9, 11, 13, 16, 19, 22], "summary": {"covered_lines": 11, "num_statements": 11, "percent_covered": 100.0, "percent_covered_display": "100", "missing_lines": 0, "excluded_lines": 0, "percent_statements_covered": 100.0, "percent_statements_covered_display": "100", "num_branches": 0, "num_partial_branches": 0, "covered_branches": 0, "missing_branches": 0, "percent_branches_covered": 100.0, "percent_branches_covered_display": "100"}, "missing_lines": [], "excluded_lines": [], "start_line": 1, "executed_branches": [], "missing_branches": []}}, "classes": {"LocalRawStore": {"executed_lines": [20, 23, 24, 25, 27, 28, 30, 31, 32, 33, 34, 35, 36, 37, 38, 40, 41, 42, 43, 44, 50, 51, 52, 53], "summary": {"covered_lines": 24, "num_statements": 25, "percent_covered": 94.28571428571429, "percent_covered_display": "94", "missing_lines": 1, "excluded_lines": 0, "percent_statements_covered": 96.0, "percent_statements_covered_display": "96", "num_branches": 10, "num_partial_branches": 1, "covered_branches": 9, "missing_branches": 1, "percent_branches_covered": 90.0, "percent_branches_covered_display": "90"}, "missing_lines": [26], "excluded_lines": [], "start_line": 16, "executed_branches": [[23, 24], [23, 25], [25, 27], [27, 28], [27, 30], [35, 36], [35, 40], [36, 37], [36, 38]], "missing_branches": [[25, 26]]}, "": {"executed_lines": [3, 5, 6, 7, 8, 9, 11, 13, 16, 19, 22], "summary": {"covered_lines": 11, "num_statements": 11, "percent_covered": 100.0, "percent_covered_display": "100", "missing_lines": 0, "excluded_lines": 0, "percent_statements_covered": 100.0, "percent_statements_covered_display": "100", "num_branches": 0, "num_partial_branches": 0, "covered_branches": 0, "missing_branches": 0, "percent_branches_covered": 100.0, "percent_branches_covered_display": "100"}, "missing_lines": [], "excluded_lines": [], "start_line": 1, "executed_branches": [], "missing_branches": []}}}, "src\\autotrade\\market_data\\store_contracts.py": {"executed_lines": [7, 9, 10, 11, 12, 15, 16, 17, 18, 19, 20, 23, 24, 25, 26, 27, 28, 31, 32, 33, 34, 35, 36, 37, 38, 39, 40, 41, 44, 45, 46, 47, 48, 49, 50, 51, 54, 55, 56, 57, 58, 59, 60, 61, 62, 63, 64, 67, 68, 69, 70, 71, 72, 73, 74, 75, 76, 77, 78, 79, 81, 82, 85, 86, 87, 88], "summary": {"covered_lines": 66, "num_statements": 66, "percent_covered": 100.0, "percent_covered_display": "100", "missing_lines": 0, "excluded_lines": 0, "percent_statements_covered": 100.0, "percent_statements_covered_display": "100", "num_branches": 0, "num_partial_branches": 0, "covered_branches": 0, "missing_branches": 0, "percent_branches_covered": 100.0, "percent_branches_covered_display": "100"}, "missing_lines": [], "excluded_lines": [], "executed_branches": [], "missing_branches": [], "functions": {"MarketEvent.__post_init__": {"executed_lines": [82], "summary": {"covered_lines": 1, "num_statements": 1, "percent_covered": 100.0, "percent_covered_display": "100", "missing_lines": 0, "excluded_lines": 0, "percent_statements_covered": 100.0, "percent_statements_covered_display": "100", "num_branches": 0, "num_partial_branches": 0, "covered_branches": 0, "missing_branches": 0, "percent_branches_covered": 100.0, "percent_branches_covered_display": "100"}, "missing_lines": [], "excluded_lines": [], "start_line": 81, "executed_branches": [], "missing_branches": []}, "": {"executed_lines": [7, 9, 10, 11, 12, 15, 16, 17, 18, 19, 20, 23, 24, 25, 26, 27, 28, 31, 32, 33, 34, 35, 36, 37, 38, 39, 40, 41, 44, 45, 46, 47, 48, 49, 50, 51, 54, 55, 56, 57, 58, 59, 60, 61, 62, 63, 64, 67, 68, 69, 70, 71, 72, 73, 74, 75, 76, 77, 78, 79, 81, 85, 86, 87, 88], "summary": {"covered_lines": 65, "num_statements": 65, "percent_covered": 100.0, "percent_covered_display": "100", "missing_lines": 0, "excluded_lines": 0, "percent_statements_covered": 100.0, "percent_statements_covered_display": "100", "num_branches": 0, "num_partial_branches": 0, "covered_branches": 0, "missing_branches": 0, "percent_branches_covered": 100.0, "percent_branches_covered_display": "100"}, "missing_lines": [], "excluded_lines": [], "start_line": 1, "executed_branches": [], "missing_branches": []}}, "classes": {"RawWriteRequest": {"executed_lines": [], "summary": {"covered_lines": 0, "num_statements": 0, "percent_covered": 100.0, "percent_covered_display": "100", "missing_lines": 0, "excluded_lines": 0, "percent_statements_covered": 100.0, "percent_statements_covered_display": "100", "num_branches": 0, "num_partial_branches": 0, "covered_branches": 0, "missing_branches": 0, "percent_branches_covered": 100.0, "percent_branches_covered_display": "100"}, "missing_lines": [], "excluded_lines": [], "start_line": 16, "executed_branches": [], "missing_branches": []}, "RawWriteResult": {"executed_lines": [], "summary": {"covered_lines": 0, "num_statements": 0, "percent_covered": 100.0, "percent_covered_display": "100", "missing_lines": 0, "excluded_lines": 0, "percent_statements_covered": 100.0, "percent_statements_covered_display": "100", "num_branches": 0, "num_partial_branches": 0, "covered_branches": 0, "missing_branches": 0, "percent_branches_covered": 100.0, "percent_branches_covered_display": "100"}, "missing_lines": [], "excluded_lines": [], "start_line": 24, "executed_branches": [], "missing_branches": []}, "NormalizedBar": {"executed_lines": [], "summary": {"covered_lines": 0, "num_statements": 0, "percent_covered": 100.0, "percent_covered_display": "100", "missing_lines": 0, "excluded_lines": 0, "percent_statements_covered": 100.0, "percent_statements_covered_display": "100", "num_branches": 0, "num_partial_branches": 0, "covered_branches": 0, "missing_branches": 0, "percent_branches_covered": 100.0, "percent_branches_covered_display": "100"}, "missing_lines": [], "excluded_lines": [], "start_line": 32, "executed_branches": [], "missing_branches": []}, "QualityReport": {"executed_lines": [], "summary": {"covered_lines": 0, "num_statements": 0, "percent_covered": 100.0, "percent_covered_display": "100", "missing_lines": 0, "excluded_lines": 0, "percent_statements_covered": 100.0, "percent_statements_covered_display": "100", "num_branches": 0, "num_partial_branches": 0, "covered_branches": 0, "missing_branches": 0, "percent_branches_covered": 100.0, "percent_branches_covered_display": "100"}, "missing_lines": [], "excluded_lines": [], "start_line": 45, "executed_branches": [], "missing_branches": []}, "DataVersionManifest": {"executed_lines": [], "summary": {"covered_lines": 0, "num_statements": 0, "percent_covered": 100.0, "percent_covered_display": "100", "missing_lines": 0, "excluded_lines": 0, "percent_statements_covered": 100.0, "percent_statements_covered_display": "100", "num_branches": 0, "num_partial_branches": 0, "covered_branches": 0, "missing_branches": 0, "percent_branches_covered": 100.0, "percent_branches_covered_display": "100"}, "missing_lines": [], "excluded_lines": [], "start_line": 55, "executed_branches": [], "missing_branches": []}, "MarketEvent": {"executed_lines": [82], "summary": {"covered_lines": 1, "num_statements": 1, "percent_covered": 100.0, "percent_covered_display": "100", "missing_lines": 0, "excluded_lines": 0, "percent_statements_covered": 100.0, "percent_statements_covered_display": "100", "num_branches": 0, "num_partial_branches": 0, "covered_branches": 0, "missing_branches": 0, "percent_branches_covered": 100.0, "percent_branches_covered_display": "100"}, "missing_lines": [], "excluded_lines": [], "start_line": 68, "executed_branches": [], "missing_branches": []}, "ReplaySnapshot": {"executed_lines": [], "summary": {"covered_lines": 0, "num_statements": 0, "percent_covered": 100.0, "percent_covered_display": "100", "missing_lines": 0, "excluded_lines": 0, "percent_statements_covered": 100.0, "percent_statements_covered_display": "100", "num_branches": 0, "num_partial_branches": 0, "covered_branches": 0, "missing_branches": 0, "percent_branches_covered": 100.0, "percent_branches_covered_display": "100"}, "missing_lines": [], "excluded_lines": [], "start_line": 86, "executed_branches": [], "missing_branches": []}, "": {"executed_lines": [7, 9, 10, 11, 12, 15, 16, 17, 18, 19, 20, 23, 24, 25, 26, 27, 28, 31, 32, 33, 34, 35, 36, 37, 38, 39, 40, 41, 44, 45, 46, 47, 48, 49, 50, 51, 54, 55, 56, 57, 58, 59, 60, 61, 62, 63, 64, 67, 68, 69, 70, 71, 72, 73, 74, 75, 76, 77, 78, 79, 81, 85, 86, 87, 88], "summary": {"covered_lines": 65, "num_statements": 65, "percent_covered": 100.0, "percent_covered_display": "100", "missing_lines": 0, "excluded_lines": 0, "percent_statements_covered": 100.0, "percent_statements_covered_display": "100", "num_branches": 0, "num_partial_branches": 0, "covered_branches": 0, "missing_branches": 0, "percent_branches_covered": 100.0, "percent_branches_covered_display": "100"}, "missing_lines": [], "excluded_lines": [], "start_line": 1, "executed_branches": [], "missing_branches": []}}}}, "totals": {"covered_lines": 499, "num_statements": 588, "percent_covered": 80.05390835579514, "percent_covered_display": "80", "missing_lines": 89, "excluded_lines": 0, "percent_statements_covered": 84.8639455782313, "percent_statements_covered_display": "85", "num_branches": 154, "num_partial_branches": 49, "covered_branches": 95, "missing_branches": 59, "percent_branches_covered": 61.688311688311686, "percent_branches_covered_display": "62"}}