{"meta": {"format": 3, "version": "7.15.3", "timestamp": "2026-08-08T18:07:51.200859", "branch_coverage": true, "show_contexts": false}, "files": {"src\\autotrade\\market_data\\__init__.py": {"executed_lines": [], "summary": {"covered_lines": 0, "num_statements": 0, "percent_covered": 100.0, "percent_covered_display": "100", "missing_lines": 0, "excluded_lines": 0, "percent_statements_covered": 100.0, "percent_statements_covered_display": "100", "num_branches": 0, "num_partial_branches": 0, "covered_branches": 0, "missing_branches": 0, "percent_branches_covered": 100.0, "percent_branches_covered_display": "100"}, "missing_lines": [], "excluded_lines": [], "executed_branches": [], "missing_branches": [], "functions": {"": {"executed_lines": [], "summary": {"covered_lines": 0, "num_statements": 0, "percent_covered": 100.0, "percent_covered_display": "100", "missing_lines": 0, "excluded_lines": 0, "percent_statements_covered": 100.0, "percent_statements_covered_display": "100", "num_branches": 0, "num_partial_branches": 0, "covered_branches": 0, "missing_branches": 0, "percent_branches_covered": 100.0, "percent_branches_covered_display": "100"}, "missing_lines": [], "excluded_lines": [], "start_line": 1, "executed_branches": [], "missing_branches": []}}, "classes": {"": {"executed_lines": [], "summary": {"covered_lines": 0, "num_statements": 0, "percent_covered": 100.0, "percent_covered_display": "100", "missing_lines": 0, "excluded_lines": 0, "percent_statements_covered": 100.0, "percent_statements_covered_display": "100", "num_branches": 0, "num_partial_branches": 0, "covered_branches": 0, "missing_branches": 0, "percent_branches_covered": 100.0, "percent_branches_covered_display": "100"}, "missing_lines": [], "excluded_lines": [], "start_line": 1, "executed_branches": [], "missing_branches": []}}}, "src\\autotrade\\market_data\\acquisition_protocol.py": {"executed_lines": [9, 11, 12, 13, 14, 15, 16, 17, 18, 19, 20, 21, 23, 24, 25, 27, 28, 29, 32, 35, 36, 37, 40, 41, 42, 43, 44, 45, 46, 47, 48, 51, 52, 53, 54, 55, 57, 58, 61, 62, 63, 64, 65, 66, 67, 70, 71, 73, 76, 77, 81, 84, 85, 86, 87, 89, 90, 91, 92, 93, 95, 97, 98, 99, 102, 105, 106, 107, 110, 111, 112, 115, 123, 124, 125, 132, 133, 136, 137, 138, 141, 146, 149, 150, 151, 153, 154, 155, 157, 158, 161, 162, 164, 165, 168, 170, 177, 180, 183, 184, 186, 214, 215, 216, 221, 222, 223, 224, 225, 226, 227, 228, 229, 230, 231, 232, 233, 234, 235, 237, 246, 247, 248, 249, 250, 251, 252, 253, 256, 266], "summary": {"covered_lines": 130, "num_statements": 157, "percent_covered": 79.58115183246073, "percent_covered_display": "80", "missing_lines": 27, "excluded_lines": 0, "percent_statements_covered": 82.80254777070064, "percent_statements_covered_display": "83", "num_branches": 34, "num_partial_branches": 12, "covered_branches": 22, "missing_branches": 12, "percent_branches_covered": 64.70588235294117, "percent_branches_covered_display": "65"}, "missing_lines": [72, 78, 88, 94, 96, 134, 135, 140, 156, 159, 160, 163, 166, 167, 169, 185, 217, 218, 236, 257, 258, 259, 260, 261, 262, 263, 267], "excluded_lines": [], "executed_branches": [[71, 73], [77, -76], [87, 89], [89, 90], [89, 91], [93, 95], [95, 97], [97, 98], [97, 99], [105, -102], [105, 106], [106, 105], [106, 107], [124, 125], [124, 136], [136, 137], [155, 157], [162, 164], [168, 170], [184, 186], [235, 237], [266, -1]], "missing_branches": [[71, 72], [77, 78], [87, 88], [93, 94], [95, 96], [136, 140], [155, 156], [162, 163], [168, 169], [184, 185], [235, 236], [266, 267]], "functions": {"ProtocolError.__init__": {"executed_lines": [36, 37], "summary": {"covered_lines": 2, "num_statements": 2, "percent_covered": 100.0, "percent_covered_display": "100", "missing_lines": 0, "excluded_lines": 0, "percent_statements_covered": 100.0, "percent_statements_covered_display": "100", "num_branches": 0, "num_partial_branches": 0, "covered_branches": 0, "missing_branches": 0, "percent_branches_covered": 100.0, "percent_branches_covered_display": "100"}, "missing_lines": [], "excluded_lines": [], "start_line": 35, "executed_branches": [], "missing_branches": []}, "GatewayPayload.__post_init__": {"executed_lines": [58], "summary": {"covered_lines": 1, "num_statements": 1, "percent_covered": 100.0, "percent_covered_display": "100", "missing_lines": 0, "excluded_lines": 0, "percent_statements_covered": 100.0, "percent_statements_covered_display": "100", "num_branches": 0, "num_partial_branches": 0, "covered_branches": 0, "missing_branches": 0, "percent_branches_covered": 100.0, "percent_branches_covered_display": "100"}, "missing_lines": [], "excluded_lines": [], "start_line": 57, "executed_branches": [], "missing_branches": []}, "_require_token": {"executed_lines": [71, 73], "summary": {"covered_lines": 2, "num_statements": 3, "percent_covered": 60.0, "percent_covered_display": "60", "missing_lines": 1, "excluded_lines": 0, "percent_statements_covered": 66.66666666666667, "percent_statements_covered_display": "67", "num_branches": 2, "num_partial_branches": 1, "covered_branches": 1, "missing_branches": 1, "percent_branches_covered": 50.0, "percent_branches_covered_display": "50"}, "missing_lines": [72], "excluded_lines": [], "start_line": 70, "executed_branches": [[71, 73]], "missing_branches": [[71, 72]]}, "_require_utc": {"executed_lines": [77], "summary": {"covered_lines": 1, "num_statements": 2, "percent_covered": 50.0, "percent_covered_display": "50", "missing_lines": 1, "excluded_lines": 0, "percent_statements_covered": 50.0, "percent_statements_covered_display": "50", "num_branches": 2, "num_partial_branches": 1, "covered_branches": 1, "missing_branches": 1, "percent_branches_covered": 50.0, "percent_branches_covered_display": "50"}, "missing_lines": [78], "excluded_lines": [], "start_line": 76, "executed_branches": [[77, -76]], "missing_branches": [[77, 78]]}, "validate_request": {"executed_lines": [84, 85, 86, 87, 89, 90, 91, 92, 93, 95, 97, 98, 99], "summary": {"covered_lines": 13, "num_statements": 16, "percent_covered": 76.92307692307692, "percent_covered_display": "77", "missing_lines": 3, "excluded_lines": 0, "percent_statements_covered": 81.25, "percent_statements_covered_display": "81", "num_branches": 10, "num_partial_branches": 3, "covered_branches": 7, "missing_branches": 3, "percent_branches_covered": 70.0, "percent_branches_covered_display": "70"}, "missing_lines": [88, 94, 96], "excluded_lines": [], "start_line": 81, "executed_branches": [[87, 89], [89, 90], [89, 91], [93, 95], [95, 97], [97, 98], [97, 99]], "missing_branches": [[87, 88], [93, 94], [95, 96]]}, "validate_environment_names": {"executed_lines": [105, 106, 107], "summary": {"covered_lines": 3, "num_statements": 3, "percent_covered": 100.0, "percent_covered_display": "100", "missing_lines": 0, "excluded_lines": 0, "percent_statements_covered": 100.0, "percent_statements_covered_display": "100", "num_branches": 4, "num_partial_branches": 0, "covered_branches": 4, "missing_branches": 0, "percent_branches_covered": 100.0, "percent_branches_covered_display": "100"}, "missing_lines": [], "excluded_lines": [], "start_line": 102, "executed_branches": [[105, -102], [105, 106], [106, 105], [106, 107]], "missing_branches": []}, "_health_id": {"executed_lines": [111, 112], "summary": {"covered_lines": 2, "num_statements": 2, "percent_covered": 100.0, "percent_covered_display": "100", "missing_lines": 0, "excluded_lines": 0, "percent_statements_covered": 100.0, "percent_statements_covered_display": "100", "num_branches": 0, "num_partial_branches": 0, "covered_branches": 0, "missing_branches": 0, "percent_branches_covered": 100.0, "percent_branches_covered_display": "100"}, "missing_lines": [], "excluded_lines": [], "start_line": 110, "executed_branches": [], "missing_branches": []}, "classify_failure": {"executed_lines": [123, 124, 125, 132, 133, 136, 137, 138, 141], "summary": {"covered_lines": 9, "num_statements": 12, "percent_covered": 75.0, "percent_covered_display": "75", "missing_lines": 3, "excluded_lines": 0, "percent_statements_covered": 75.0, "percent_statements_covered_display": "75", "num_branches": 4, "num_partial_branches": 1, "covered_branches": 3, "missing_branches": 1, "percent_branches_covered": 75.0, "percent_branches_covered_display": "75"}, "missing_lines": [134, 135, 140], "excluded_lines": [], "start_line": 115, "executed_branches": [[124, 125], [124, 136], [136, 137]], "missing_branches": [[136, 140]]}, "FixtureGateway.__init__": {"executed_lines": [150, 151], "summary": {"covered_lines": 2, "num_statements": 2, "percent_covered": 100.0, "percent_covered_display": "100", "missing_lines": 0, "excluded_lines": 0, "percent_statements_covered": 100.0, "percent_statements_covered_display": "100", "num_branches": 0, "num_partial_branches": 0, "covered_branches": 0, "missing_branches": 0, "percent_branches_covered": 100.0, "percent_branches_covered_display": "100"}, "missing_lines": [], "excluded_lines": [], "start_line": 149, "executed_branches": [], "missing_branches": []}, "FixtureGateway.fetch": {"executed_lines": [154, 155, 157, 158, 161, 162, 164, 165, 168, 170, 177], "summary": {"covered_lines": 11, "num_statements": 18, "percent_covered": 58.333333333333336, "percent_covered_display": "58", "missing_lines": 7, "excluded_lines": 0, "percent_statements_covered": 61.111111111111114, "percent_statements_covered_display": "61", "num_branches": 6, "num_partial_branches": 3, "covered_branches": 3, "missing_branches": 3, "percent_branches_covered": 50.0, "percent_branches_covered_display": "50"}, "missing_lines": [156, 159, 160, 163, 166, 167, 169], "excluded_lines": [], "start_line": 153, "executed_branches": [[155, 157], [162, 164], [168, 170]], "missing_branches": [[155, 156], [162, 163], [168, 169]]}, "build_request_plan": {"executed_lines": [183, 184, 186], "summary": {"covered_lines": 3, "num_statements": 4, "percent_covered": 66.66666666666667, "percent_covered_display": "67", "missing_lines": 1, "excluded_lines": 0, "percent_statements_covered": 75.0, "percent_statements_covered_display": "75", "num_branches": 2, "num_partial_branches": 1, "covered_branches": 1, "missing_branches": 1, "percent_branches_covered": 50.0, "percent_branches_covered_display": "50"}, "missing_lines": [185], "excluded_lines": [], "start_line": 180, "executed_branches": [[184, 186]], "missing_branches": [[184, 185]]}, "_parse_datetime": {"executed_lines": [215, 216], "summary": {"covered_lines": 2, "num_statements": 4, "percent_covered": 50.0, "percent_covered_display": "50", "missing_lines": 2, "excluded_lines": 0, "percent_statements_covered": 50.0, "percent_statements_covered_display": "50", "num_branches": 0, "num_partial_branches": 0, "covered_branches": 0, "missing_branches": 0, "percent_branches_covered": 100.0, "percent_branches_covered_display": "100"}, "missing_lines": [217, 218], "excluded_lines": [], "start_line": 214, "executed_branches": [], "missing_branches": []}, "main": {"executed_lines": [222, 223, 224, 225, 226, 227, 228, 229, 230, 231, 232, 233, 234, 235, 237, 246, 247, 248, 249, 250, 251, 252, 253, 256], "summary": {"covered_lines": 24, "num_statements": 32, "percent_covered": 73.52941176470588, "percent_covered_display": "74", "missing_lines": 8, "excluded_lines": 0, "percent_statements_covered": 75.0, "percent_statements_covered_display": "75", "num_branches": 2, "num_partial_branches": 1, "covered_branches": 1, "missing_branches": 1, "percent_branches_covered": 50.0, "percent_branches_covered_display": "50"}, "missing_lines": [236, 257, 258, 259, 260, 261, 262, 263], "excluded_lines": [], "start_line": 221, "executed_branches": [[235, 237]], "missing_branches": [[235, 236]]}, "": {"executed_lines": [9, 11, 12, 13, 14, 15, 16, 17, 18, 19, 20, 21, 23, 24, 25, 27, 28, 29, 32, 35, 40, 41, 42, 43, 44, 45, 46, 47, 48, 51, 52, 53, 54, 55, 57, 61, 62, 63, 64, 65, 66, 67, 70, 76, 81, 102, 110, 115, 146, 149, 153, 180, 214, 221, 266], "summary": {"covered_lines": 55, "num_statements": 56, "percent_covered": 96.55172413793103, "percent_covered_display": "97", "missing_lines": 1, "excluded_lines": 0, "percent_statements_covered": 98.21428571428571, "percent_statements_covered_display": "98", "num_branches": 2, "num_partial_branches": 1, "covered_branches": 1, "missing_branches": 1, "percent_branches_covered": 50.0, "percent_branches_covered_display": "50"}, "missing_lines": [267], "excluded_lines": [], "start_line": 1, "executed_branches": [[266, -1]], "missing_branches": [[266, 267]]}}, "classes": {"ProtocolError": {"executed_lines": [36, 37], "summary": {"covered_lines": 2, "num_statements": 2, "percent_covered": 100.0, "percent_covered_display": "100", "missing_lines": 0, "excluded_lines": 0, "percent_statements_covered": 100.0, "percent_statements_covered_display": "100", "num_branches": 0, "num_partial_branches": 0, "covered_branches": 0, "missing_branches": 0, "percent_branches_covered": 100.0, "percent_branches_covered_display": "100"}, "missing_lines": [], "excluded_lines": [], "start_line": 32, "executed_branches": [], "missing_branches": []}, "HistoricalRequest": {"executed_lines": [], "summary": {"covered_lines": 0, "num_statements": 0, "percent_covered": 100.0, "percent_covered_display": "100", "missing_lines": 0, "excluded_lines": 0, "percent_statements_covered": 100.0, "percent_statements_covered_display": "100", "num_branches": 0, "num_partial_branches": 0, "covered_branches": 0, "missing_branches": 0, "percent_branches_covered": 100.0, "percent_branches_covered_display": "100"}, "missing_lines": [], "excluded_lines": [], "start_line": 41, "executed_branches": [], "missing_branches": []}, "GatewayPayload": {"executed_lines": [58], "summary": {"covered_lines": 1, "num_statements": 1, "percent_covered": 100.0, "percent_covered_display": "100", "missing_lines": 0, "excluded_lines": 0, "percent_statements_covered": 100.0, "percent_statements_covered_display": "100", "num_branches": 0, "num_partial_branches": 0, "covered_branches": 0, "missing_branches": 0, "percent_branches_covered": 100.0, "percent_branches_covered_display": "100"}, "missing_lines": [], "excluded_lines": [], "start_line": 52, "executed_branches": [], "missing_branches": []}, "HealthEvent": {"executed_lines": [], "summary": {"covered_lines": 0, "num_statements": 0, "percent_covered": 100.0, "percent_covered_display": "100", "missing_lines": 0, "excluded_lines": 0, "percent_statements_covered": 100.0, "percent_statements_covered_display": "100", "num_branches": 0, "num_partial_branches": 0, "covered_branches": 0, "missing_branches": 0, "percent_branches_covered": 100.0, "percent_branches_covered_display": "100"}, "missing_lines": [], "excluded_lines": [], "start_line": 62, "executed_branches": [], "missing_branches": []}, "FixtureGateway": {"executed_lines": [150, 151, 154, 155, 157, 158, 161, 162, 164, 165, 168, 170, 177], "summary": {"covered_lines": 13, "num_statements": 20, "percent_covered": 61.53846153846154, "percent_covered_display": "62", "missing_lines": 7, "excluded_lines": 0, "percent_statements_covered": 65.0, "percent_statements_covered_display": "65", "num_branches": 6, "num_partial_branches": 3, "covered_branches": 3, "missing_branches": 3, "percent_branches_covered": 50.0, "percent_branches_covered_display": "50"}, "missing_lines": [156, 159, 160, 163, 166, 167, 169], "excluded_lines": [], "start_line": 146, "executed_branches": [[155, 157], [162, 164], [168, 170]], "missing_branches": [[155, 156], [162, 163], [168, 169]]}, "": {"executed_lines": [9, 11, 12, 13, 14, 15, 16, 17, 18, 19, 20, 21, 23, 24, 25, 27, 28, 29, 32, 35, 40, 41, 42, 43, 44, 45, 46, 47, 48, 51, 52, 53, 54, 55, 57, 61, 62, 63, 64, 65, 66, 67, 70, 71, 73, 76, 77, 81, 84, 85, 86, 87, 89, 90, 91, 92, 93, 95, 97, 98, 99, 102, 105, 106, 107, 110, 111, 112, 115, 123, 124, 125, 132, 133, 136, 137, 138, 141, 146, 149, 153, 180, 183, 184, 186, 214, 215, 216, 221, 222, 223, 224, 225, 226, 227, 228, 229, 230, 231, 232, 233, 234, 235, 237, 246, 247, 248, 249, 250, 251, 252, 253, 256, 266], "summary": {"covered_lines": 114, "num_statements": 134, "percent_covered": 82.09876543209876, "percent_covered_display": "82", "missing_lines": 20, "excluded_lines": 0, "percent_statements_covered": 85.07462686567165, "percent_statements_covered_display": "85", "num_branches": 28, "num_partial_branches": 9, "covered_branches": 19, "missing_branches": 9, "percent_branches_covered": 67.85714285714286, "percent_branches_covered_display": "68"}, "missing_lines": [72, 78, 88, 94, 96, 134, 135, 140, 185, 217, 218, 236, 257, 258, 259, 260, 261, 262, 263, 267], "excluded_lines": [], "start_line": 1, "executed_branches": [[71, 73], [77, -76], [87, 89], [89, 90], [89, 91], [93, 95], [95, 97], [97, 98], [97, 99], [105, -102], [105, 106], [106, 105], [106, 107], [124, 125], [124, 136], [136, 137], [184, 186], [235, 237], [266, -1]], "missing_branches": [[71, 72], [77, 78], [87, 88], [93, 94], [95, 96], [136, 140], [184, 185], [235, 236], [266, 267]]}}}, "src\\autotrade\\market_data\\catalog_resolver.py": {"executed_lines": [7, 9, 10, 11, 12, 13, 15, 18, 19, 22, 23, 24, 25, 26, 29, 30, 33, 34, 35, 36, 37, 40, 41, 42, 43, 44, 45, 46, 47, 48, 49, 50, 51, 54, 57, 61, 64, 65, 66, 69, 72, 73, 74, 75, 77, 78, 80, 81, 82, 84, 90, 92, 93, 94, 104, 105, 106, 107, 108, 109, 110, 113, 114, 117, 122, 123, 125, 135, 136, 137, 139, 140, 141, 142, 143, 144, 146, 160, 161, 162, 164, 167, 168, 169, 171, 174, 175, 176, 177], "summary": {"covered_lines": 89, "num_statements": 97, "percent_covered": 88.4297520661157, "percent_covered_display": "88", "missing_lines": 8, "excluded_lines": 0, "percent_statements_covered": 91.75257731958763, "percent_statements_covered_display": "92", "num_branches": 24, "num_partial_branches": 6, "covered_branches": 18, "missing_branches": 6, "percent_branches_covered": 75.0, "percent_branches_covered_display": "75"}, "missing_lines": [83, 124, 138, 145, 163, 170, 178, 179], "excluded_lines": [], "executed_branches": [[82, 84], [92, 93], [92, 94], [104, 105], [104, 106], [106, 107], [106, 108], [109, 110], [109, 113], [113, 114], [113, 117], [123, 125], [137, 139], [140, 141], [140, 142], [144, 146], [162, 164], [169, 171]], "missing_branches": [[82, 83], [123, 124], [137, 138], [144, 145], [162, 163], [169, 170]], "functions": {"CatalogAudit.record": {"executed_lines": [], "summary": {"covered_lines": 0, "num_statements": 0, "percent_covered": 100.0, "percent_covered_display": "100", "missing_lines": 0, "excluded_lines": 0, "percent_statements_covered": 100.0, "percent_statements_covered_display": "100", "num_branches": 0, "num_partial_branches": 0, "covered_branches": 0, "missing_branches": 0, "percent_branches_covered": 100.0, "percent_branches_covered_display": "100"}, "missing_lines": [], "excluded_lines": [], "start_line": 57, "executed_branches": [], "missing_branches": []}, "InMemoryCatalogAudit.record": {"executed_lines": [65, 66], "summary": {"covered_lines": 2, "num_statements": 2, "percent_covered": 100.0, "percent_covered_display": "100", "missing_lines": 0, "excluded_lines": 0, "percent_statements_covered": 100.0, "percent_statements_covered_display": "100", "num_branches": 0, "num_partial_branches": 0, "covered_branches": 0, "missing_branches": 0, "percent_branches_covered": 100.0, "percent_branches_covered_display": "100"}, "missing_lines": [], "excluded_lines": [], "start_line": 64, "executed_branches": [], "missing_branches": []}, "CatalogResolver.__init__": {"executed_lines": [73, 74, 75], "summary": {"covered_lines": 3, "num_statements": 3, "percent_covered": 100.0, "percent_covered_display": "100", "missing_lines": 0, "excluded_lines": 0, "percent_statements_covered": 100.0, "percent_statements_covered_display": "100", "num_branches": 0, "num_partial_branches": 0, "covered_branches": 0, "missing_branches": 0, "percent_branches_covered": 100.0, "percent_branches_covered_display": "100"}, "missing_lines": [], "excluded_lines": [], "start_line": 72, "executed_branches": [], "missing_branches": []}, "CatalogResolver.from_fixture": {"executed_lines": [80, 81, 82, 84], "summary": {"covered_lines": 4, "num_statements": 5, "percent_covered": 71.42857142857143, "percent_covered_display": "71", "missing_lines": 1, "excluded_lines": 0, "percent_statements_covered": 80.0, "percent_statements_covered_display": "80", "num_branches": 2, "num_partial_branches": 1, "covered_branches": 1, "missing_branches": 1, "percent_branches_covered": 50.0, "percent_branches_covered_display": "50"}, "missing_lines": [83], "excluded_lines": [], "start_line": 78, "executed_branches": [[82, 84]], "missing_branches": [[82, 83]]}, "CatalogResolver.resolve": {"executed_lines": [92, 93, 94, 104, 105, 106, 107, 108, 109, 110, 113, 114, 117], "summary": {"covered_lines": 13, "num_statements": 13, "percent_covered": 100.0, "percent_covered_display": "100", "missing_lines": 0, "excluded_lines": 0, "percent_statements_covered": 100.0, "percent_statements_covered_display": "100", "num_branches": 10, "num_partial_branches": 0, "covered_branches": 10, "missing_branches": 0, "percent_branches_covered": 100.0, "percent_branches_covered_display": "100"}, "missing_lines": [], "excluded_lines": [], "start_line": 90, "executed_branches": [[92, 93], [92, 94], [104, 105], [104, 106], [106, 107], [106, 108], [109, 110], [109, 113], [113, 114], [113, 117]], "missing_branches": []}, "_mapping_from_fixture": {"executed_lines": [123, 125, 135, 136, 137, 139, 140, 141, 142, 143, 144, 146], "summary": {"covered_lines": 12, "num_statements": 15, "percent_covered": 73.91304347826087, "percent_covered_display": "74", "missing_lines": 3, "excluded_lines": 0, "percent_statements_covered": 80.0, "percent_statements_covered_display": "80", "num_branches": 8, "num_partial_branches": 3, "covered_branches": 5, "missing_branches": 3, "percent_branches_covered": 62.5, "percent_branches_covered_display": "62"}, "missing_lines": [124, 138, 145], "excluded_lines": [], "start_line": 122, "executed_branches": [[123, 125], [137, 139], [140, 141], [140, 142], [144, 146]], "missing_branches": [[123, 124], [137, 138], [144, 145]]}, "_utc_datetime": {"executed_lines": [161, 162, 164], "summary": {"covered_lines": 3, "num_statements": 4, "percent_covered": 66.66666666666667, "percent_covered_display": "67", "missing_lines": 1, "excluded_lines": 0, "percent_statements_covered": 75.0, "percent_statements_covered_display": "75", "num_branches": 2, "num_partial_branches": 1, "covered_branches": 1, "missing_branches": 1, "percent_branches_covered": 50.0, "percent_branches_covered_display": "50"}, "missing_lines": [163], "excluded_lines": [], "start_line": 160, "executed_branches": [[162, 164]], "missing_branches": [[162, 163]]}, "_required_string": {"executed_lines": [168, 169, 171], "summary": {"covered_lines": 3, "num_statements": 4, "percent_covered": 66.66666666666667, "percent_covered_display": "67", "missing_lines": 1, "excluded_lines": 0, "percent_statements_covered": 75.0, "percent_statements_covered_display": "75", "num_branches": 2, "num_partial_branches": 1, "covered_branches": 1, "missing_branches": 1, "percent_branches_covered": 50.0, "percent_branches_covered_display": "50"}, "missing_lines": [170], "excluded_lines": [], "start_line": 167, "executed_branches": [[169, 171]], "missing_branches": [[169, 170]]}, "_is_positive_decimal": {"executed_lines": [175, 176, 177], "summary": {"covered_lines": 3, "num_statements": 5, "percent_covered": 60.0, "percent_covered_display": "60", "missing_lines": 2, "excluded_lines": 0, "percent_statements_covered": 60.0, "percent_statements_covered_display": "60", "num_branches": 0, "num_partial_branches": 0, "covered_branches": 0, "missing_branches": 0, "percent_branches_covered": 100.0, "percent_branches_covered_display": "100"}, "missing_lines": [178, 179], "excluded_lines": [], "start_line": 174, "executed_branches": [], "missing_branches": []}, "": {"executed_lines": [7, 9, 10, 11, 12, 13, 15, 18, 19, 22, 23, 24, 25, 26, 29, 30, 33, 34, 35, 36, 37, 40, 41, 42, 43, 44, 45, 46, 47, 48, 49, 50, 51, 54, 57, 61, 64, 69, 72, 77, 78, 90, 122, 160, 167, 174], "summary": {"covered_lines": 46, "num_statements": 46, "percent_covered": 100.0, "percent_covered_display": "100", "missing_lines": 0, "excluded_lines": 0, "percent_statements_covered": 100.0, "percent_statements_covered_display": "100", "num_branches": 0, "num_partial_branches": 0, "covered_branches": 0, "missing_branches": 0, "percent_branches_covered": 100.0, "percent_branches_covered_display": "100"}, "missing_lines": [], "excluded_lines": [], "start_line": 1, "executed_branches": [], "missing_branches": []}}, "classes": {"ResolveInstrumentRequest": {"executed_lines": [], "summary": {"covered_lines": 0, "num_statements": 0, "percent_covered": 100.0, "percent_covered_display": "100", "missing_lines": 0, "excluded_lines": 0, "percent_statements_covered": 100.0, "percent_statements_covered_display": "100", "num_branches": 0, "num_partial_branches": 0, "covered_branches": 0, "missing_branches": 0, "percent_branches_covered": 100.0, "percent_branches_covered_display": "100"}, "missing_lines": [], "excluded_lines": [], "start_line": 19, "executed_branches": [], "missing_branches": []}, "ResolveInstrumentResult": {"executed_lines": [], "summary": {"covered_lines": 0, "num_statements": 0, "percent_covered": 100.0, "percent_covered_display": "100", "missing_lines": 0, "excluded_lines": 0, "percent_statements_covered": 100.0, "percent_statements_covered_display": "100", "num_branches": 0, "num_partial_branches": 0, "covered_branches": 0, "missing_branches": 0, "percent_branches_covered": 100.0, "percent_branches_covered_display": "100"}, "missing_lines": [], "excluded_lines": [], "start_line": 30, "executed_branches": [], "missing_branches": []}, "_Mapping": {"executed_lines": [], "summary": {"covered_lines": 0, "num_statements": 0, "percent_covered": 100.0, "percent_covered_display": "100", "missing_lines": 0, "excluded_lines": 0, "percent_statements_covered": 100.0, "percent_statements_covered_display": "100", "num_branches": 0, "num_partial_branches": 0, "covered_branches": 0, "missing_branches": 0, "percent_branches_covered": 100.0, "percent_branches_covered_display": "100"}, "missing_lines": [], "excluded_lines": [], "start_line": 41, "executed_branches": [], "missing_branches": []}, "CatalogAudit": {"executed_lines": [], "summary": {"covered_lines": 0, "num_statements": 0, "percent_covered": 100.0, "percent_covered_display": "100", "missing_lines": 0, "excluded_lines": 0, "percent_statements_covered": 100.0, "percent_statements_covered_display": "100", "num_branches": 0, "num_partial_branches": 0, "covered_branches": 0, "missing_branches": 0, "percent_branches_covered": 100.0, "percent_branches_covered_display": "100"}, "missing_lines": [], "excluded_lines": [], "start_line": 54, "executed_branches": [], "missing_branches": []}, "InMemoryCatalogAudit": {"executed_lines": [65, 66], "summary": {"covered_lines": 2, "num_statements": 2, "percent_covered": 100.0, "percent_covered_display": "100", "missing_lines": 0, "excluded_lines": 0, "percent_statements_covered": 100.0, "percent_statements_covered_display": "100", "num_branches": 0, "num_partial_branches": 0, "covered_branches": 0, "missing_branches": 0, "percent_branches_covered": 100.0, "percent_branches_covered_display": "100"}, "missing_lines": [], "excluded_lines": [], "start_line": 61, "executed_branches": [], "missing_branches": []}, "CatalogResolver": {"executed_lines": [73, 74, 75, 80, 81, 82, 84, 92, 93, 94, 104, 105, 106, 107, 108, 109, 110, 113, 114, 117], "summary": {"covered_lines": 20, "num_statements": 21, "percent_covered": 93.93939393939394, "percent_covered_display": "94", "missing_lines": 1, "excluded_lines": 0, "percent_statements_covered": 95.23809523809524, "percent_statements_covered_display": "95", "num_branches": 12, "num_partial_branches": 1, "covered_branches": 11, "missing_branches": 1, "percent_branches_covered": 91.66666666666667, "percent_branches_covered_display": "92"}, "missing_lines": [83], "excluded_lines": [], "start_line": 69, "executed_branches": [[82, 84], [92, 93], [92, 94], [104, 105], [104, 106], [106, 107], [106, 108], [109, 110], [109, 113], [113, 114], [113, 117]], "missing_branches": [[82, 83]]}, "": {"executed_lines": [7, 9, 10, 11, 12, 13, 15, 18, 19, 22, 23, 24, 25, 26, 29, 30, 33, 34, 35, 36, 37, 40, 41, 42, 43, 44, 45, 46, 47, 48, 49, 50, 51, 54, 57, 61, 64, 69, 72, 77, 78, 90, 122, 123, 125, 135, 136, 137, 139, 140, 141, 142, 143, 144, 146, 160, 161, 162, 164, 167, 168, 169, 171, 174, 175, 176, 177], "summary": {"covered_lines": 67, "num_statements": 74, "percent_covered": 86.04651162790698, "percent_covered_display": "86", "missing_lines": 7, "excluded_lines": 0, "percent_statements_covered": 90.54054054054055, "percent_statements_covered_display": "91", "num_branches": 12, "num_partial_branches": 5, "covered_branches": 7, "missing_branches": 5, "percent_branches_covered": 58.333333333333336, "percent_branches_covered_display": "58"}, "missing_lines": [124, 138, 145, 163, 170, 178, 179], "excluded_lines": [], "start_line": 1, "executed_branches": [[123, 125], [137, 139], [140, 141], [140, 142], [144, 146], [162, 164], [169, 171]], "missing_branches": [[123, 124], [137, 138], [144, 145], [162, 163], [169, 170]]}}}, "src\\autotrade\\market_data\\manifest.py": {"executed_lines": [3, 5, 7, 10, 13, 14, 25, 27, 29, 30, 40, 41], "summary": {"covered_lines": 12, "num_statements": 14, "percent_covered": 77.77777777777777, "percent_covered_display": "78", "missing_lines": 2, "excluded_lines": 0, "percent_statements_covered": 85.71428571428571, "percent_statements_covered_display": "86", "num_branches": 4, "num_partial_branches": 2, "covered_branches": 2, "missing_branches": 2, "percent_branches_covered": 50.0, "percent_branches_covered_display": "50"}, "missing_lines": [26, 28], "excluded_lines": [], "executed_branches": [[25, 27], [27, 29]], "missing_branches": [[25, 26], [27, 28]], "functions": {"ManifestBuilder.build": {"executed_lines": [25, 27, 29, 30, 40, 41], "summary": {"covered_lines": 6, "num_statements": 8, "percent_covered": 66.66666666666667, "percent_covered_display": "67", "missing_lines": 2, "excluded_lines": 0, "percent_statements_covered": 75.0, "percent_statements_covered_display": "75", "num_branches": 4, "num_partial_branches": 2, "covered_branches": 2, "missing_branches": 2, "percent_branches_covered": 50.0, "percent_branches_covered_display": "50"}, "missing_lines": [26, 28], "excluded_lines": [], "start_line": 14, "executed_branches": [[25, 27], [27, 29]], "missing_branches": [[25, 26], [27, 28]]}, "": {"executed_lines": [3, 5, 7, 10, 13, 14], "summary": {"covered_lines": 6, "num_statements": 6, "percent_covered": 100.0, "percent_covered_display": "100", "missing_lines": 0, "excluded_lines": 0, "percent_statements_covered": 100.0, "percent_statements_covered_display": "100", "num_branches": 0, "num_partial_branches": 0, "covered_branches": 0, "missing_branches": 0, "percent_branches_covered": 100.0, "percent_branches_covered_display": "100"}, "missing_lines": [], "excluded_lines": [], "start_line": 1, "executed_branches": [], "missing_branches": []}}, "classes": {"ManifestBuilder": {"executed_lines": [25, 27, 29, 30, 40, 41], "summary": {"covered_lines": 6, "num_statements": 8, "percent_covered": 66.66666666666667, "percent_covered_display": "67", "missing_lines": 2, "excluded_lines": 0, "percent_statements_covered": 75.0, "percent_statements_covered_display": "75", "num_branches": 4, "num_partial_branches": 2, "covered_branches": 2, "missing_branches": 2, "percent_branches_covered": 50.0, "percent_branches_covered_display": "50"}, "missing_lines": [26, 28], "excluded_lines": [], "start_line": 10, "executed_branches": [[25, 27], [27, 29]], "missing_branches": [[25, 26], [27, 28]]}, "": {"executed_lines": [3, 5, 7, 10, 13, 14], "summary": {"covered_lines": 6, "num_statements": 6, "percent_covered": 100.0, "percent_covered_display": "100", "missing_lines": 0, "excluded_lines": 0, "percent_statements_covered": 100.0, "percent_statements_covered_display": "100", "num_branches": 0, "num_partial_branches": 0, "covered_branches": 0, "missing_branches": 0, "percent_branches_covered": 100.0, "percent_branches_covered_display": "100"}, "missing_lines": [], "excluded_lines": [], "start_line": 1, "executed_branches": [], "missing_branches": []}}}, "src\\autotrade\\market_data\\normalized_store.py": {"executed_lines": [3, 5, 6, 7, 8, 9, 10, 12, 13, 14, 22, 25, 26, 28, 34, 35, 36, 38, 39, 40, 41, 42, 44, 45, 46, 47, 48, 50, 51, 52, 54, 55, 56, 57, 58, 61, 63, 64, 65, 69, 86, 87, 89, 91, 92, 93, 98, 101, 102, 103, 109, 110, 112, 113, 115, 128, 129, 131, 132, 134, 135, 136, 138, 148, 149, 151, 152, 154, 167, 168, 169, 171], "summary": {"covered_lines": 72, "num_statements": 96, "percent_covered": 67.3913043478261, "percent_covered_display": "67", "missing_lines": 24, "excluded_lines": 0, "percent_statements_covered": 75.0, "percent_statements_covered_display": "75", "num_branches": 42, "num_partial_branches": 15, "covered_branches": 21, "missing_branches": 21, "percent_branches_covered": 50.0, "percent_branches_covered_display": "50"}, "missing_lines": [37, 43, 53, 59, 60, 62, 70, 80, 81, 82, 83, 84, 88, 104, 105, 106, 111, 114, 130, 133, 137, 150, 153, 170], "excluded_lines": [], "executed_branches": [[34, 35], [34, 36], [36, 38], [40, 41], [40, 44], [41, 42], [52, 54], [61, 63], [63, 64], [63, 65], [65, 69], [87, 89], [102, 103], [110, 112], [113, 115], [129, 131], [132, 134], [136, 138], [149, 151], [152, 154], [169, 171]], "missing_branches": [[36, 37], [41, 43], [52, 53], [61, 62], [65, 70], [80, 81], [80, 82], [82, 83], [82, 84], [87, 88], [102, 104], [104, 105], [104, 106], [110, 111], [113, 114], [129, 130], [132, 133], [136, 137], [149, 150], [152, 153], [169, 170]], "functions": {"LocalNormalizedStore.__init__": {"executed_lines": [26], "summary": {"covered_lines": 1, "num_statements": 1, "percent_covered": 100.0, "percent_covered_display": "100", "missing_lines": 0, "excluded_lines": 0, "percent_statements_covered": 100.0, "percent_statements_covered_display": "100", "num_branches": 0, "num_partial_branches": 0, "covered_branches": 0, "missing_branches": 0, "percent_branches_covered": 100.0, "percent_branches_covered_display": "100"}, "missing_lines": [], "excluded_lines": [], "start_line": 25, "executed_branches": [], "missing_branches": []}, "LocalNormalizedStore.write_if_absent": {"executed_lines": [34, 35, 36, 38, 39, 40, 41, 42, 44, 45, 46, 47, 48], "summary": {"covered_lines": 13, "num_statements": 15, "percent_covered": 82.6086956521739, "percent_covered_display": "83", "missing_lines": 2, "excluded_lines": 0, "percent_statements_covered": 86.66666666666667, "percent_statements_covered_display": "87", "num_branches": 8, "num_partial_branches": 2, "covered_branches": 6, "missing_branches": 2, "percent_branches_covered": 75.0, "percent_branches_covered_display": "75"}, "missing_lines": [37, 43], "excluded_lines": [], "start_line": 28, "executed_branches": [[34, 35], [34, 36], [36, 38], [40, 41], [40, 44], [41, 42]], "missing_branches": [[36, 37], [41, 43]]}, "LocalNormalizedStore.read_replay_snapshot": {"executed_lines": [51, 52, 54, 55, 56, 57, 58, 61, 63, 64, 65, 69], "summary": {"covered_lines": 12, "num_statements": 22, "percent_covered": 50.0, "percent_covered_display": "50", "missing_lines": 10, "excluded_lines": 0, "percent_statements_covered": 54.54545454545455, "percent_statements_covered_display": "55", "num_branches": 12, "num_partial_branches": 3, "covered_branches": 5, "missing_branches": 7, "percent_branches_covered": 41.666666666666664, "percent_branches_covered_display": "42"}, "missing_lines": [53, 59, 60, 62, 70, 80, 81, 82, 83, 84], "excluded_lines": [], "start_line": 50, "executed_branches": [[52, 54], [61, 63], [63, 64], [63, 65], [65, 69]], "missing_branches": [[52, 53], [61, 62], [65, 70], [80, 81], [80, 82], [82, 83], [82, 84]]}, "LocalNormalizedStore._path": {"executed_lines": [87, 89], "summary": {"covered_lines": 2, "num_statements": 3, "percent_covered": 60.0, "percent_covered_display": "60", "missing_lines": 1, "excluded_lines": 0, "percent_statements_covered": 66.66666666666667, "percent_statements_covered_display": "67", "num_branches": 2, "num_partial_branches": 1, "covered_branches": 1, "missing_branches": 1, "percent_branches_covered": 50.0, "percent_branches_covered_display": "50"}, "missing_lines": [88], "excluded_lines": [], "start_line": 86, "executed_branches": [[87, 89]], "missing_branches": [[87, 88]]}, "LocalNormalizedStore._serialize": {"executed_lines": [93, 98], "summary": {"covered_lines": 2, "num_statements": 2, "percent_covered": 100.0, "percent_covered_display": "100", "missing_lines": 0, "excluded_lines": 0, "percent_statements_covered": 100.0, "percent_statements_covered_display": "100", "num_branches": 0, "num_partial_branches": 0, "covered_branches": 0, "missing_branches": 0, "percent_branches_covered": 100.0, "percent_branches_covered_display": "100"}, "missing_lines": [], "excluded_lines": [], "start_line": 92, "executed_branches": [], "missing_branches": []}, "_json_default": {"executed_lines": [102, 103], "summary": {"covered_lines": 2, "num_statements": 5, "percent_covered": 33.333333333333336, "percent_covered_display": "33", "missing_lines": 3, "excluded_lines": 0, "percent_statements_covered": 40.0, "percent_statements_covered_display": "40", "num_branches": 4, "num_partial_branches": 1, "covered_branches": 1, "missing_branches": 3, "percent_branches_covered": 25.0, "percent_branches_covered_display": "25"}, "missing_lines": [104, 105, 106], "excluded_lines": [], "start_line": 101, "executed_branches": [[102, 103]], "missing_branches": [[102, 104], [104, 105], [104, 106]]}, "_manifest_from_json": {"executed_lines": [110, 112, 113, 115], "summary": {"covered_lines": 4, "num_statements": 6, "percent_covered": 60.0, "percent_covered_display": "60", "missing_lines": 2, "excluded_lines": 0, "percent_statements_covered": 66.66666666666667, "percent_statements_covered_display": "67", "num_branches": 4, "num_partial_branches": 2, "covered_branches": 2, "missing_branches": 2, "percent_branches_covered": 50.0, "percent_branches_covered_display": "50"}, "missing_lines": [111, 114], "excluded_lines": [], "start_line": 109, "executed_branches": [[110, 112], [113, 115]], "missing_branches": [[110, 111], [113, 114]]}, "_report_from_json": {"executed_lines": [129, 131, 132, 134, 135, 136, 138], "summary": {"covered_lines": 7, "num_statements": 10, "percent_covered": 62.5, "percent_covered_display": "62", "missing_lines": 3, "excluded_lines": 0, "percent_statements_covered": 70.0, "percent_statements_covered_display": "70", "num_branches": 6, "num_partial_branches": 3, "covered_branches": 3, "missing_branches": 3, "percent_branches_covered": 50.0, "percent_branches_covered_display": "50"}, "missing_lines": [130, 133, 137], "excluded_lines": [], "start_line": 128, "executed_branches": [[129, 131], [132, 134], [136, 138]], "missing_branches": [[129, 130], [132, 133], [136, 137]]}, "_bar_from_json": {"executed_lines": [149, 151, 152, 154], "summary": {"covered_lines": 4, "num_statements": 6, "percent_covered": 60.0, "percent_covered_display": "60", "missing_lines": 2, "excluded_lines": 0, "percent_statements_covered": 66.66666666666667, "percent_statements_covered_display": "67", "num_branches": 4, "num_partial_branches": 2, "covered_branches": 2, "missing_branches": 2, "percent_branches_covered": 50.0, "percent_branches_covered_display": "50"}, "missing_lines": [150, 153], "excluded_lines": [], "start_line": 148, "executed_branches": [[149, 151], [152, 154]], "missing_branches": [[149, 150], [152, 153]]}, "_string": {"executed_lines": [168, 169, 171], "summary": {"covered_lines": 3, "num_statements": 4, "percent_covered": 66.66666666666667, "percent_covered_display": "67", "missing_lines": 1, "excluded_lines": 0, "percent_statements_covered": 75.0, "percent_statements_covered_display": "75", "num_branches": 2, "num_partial_branches": 1, "covered_branches": 1, "missing_branches": 1, "percent_branches_covered": 50.0, "percent_branches_covered_display": "50"}, "missing_lines": [170], "excluded_lines": [], "start_line": 167, "executed_branches": [[169, 171]], "missing_branches": [[169, 170]]}, "": {"executed_lines": [3, 5, 6, 7, 8, 9, 10, 12, 13, 14, 22, 25, 28, 50, 86, 91, 92, 101, 109, 128, 148, 167], "summary": {"covered_lines": 22, "num_statements": 22, "percent_covered": 100.0, "percent_covered_display": "100", "missing_lines": 0, "excluded_lines": 0, "percent_statements_covered": 100.0, "percent_statements_covered_display": "100", "num_branches": 0, "num_partial_branches": 0, "covered_branches": 0, "missing_branches": 0, "percent_branches_covered": 100.0, "percent_branches_covered_display": "100"}, "missing_lines": [], "excluded_lines": [], "start_line": 1, "executed_branches": [], "missing_branches": []}}, "classes": {"LocalNormalizedStore": {"executed_lines": [26, 34, 35, 36, 38, 39, 40, 41, 42, 44, 45, 46, 47, 48, 51, 52, 54, 55, 56, 57, 58, 61, 63, 64, 65, 69, 87, 89, 93, 98], "summary": {"covered_lines": 30, "num_statements": 43, "percent_covered": 64.61538461538461, "percent_covered_display": "65", "missing_lines": 13, "excluded_lines": 0, "percent_statements_covered": 69.76744186046511, "percent_statements_covered_display": "70", "num_branches": 22, "num_partial_branches": 6, "covered_branches": 12, "missing_branches": 10, "percent_branches_covered": 54.54545454545455, "percent_branches_covered_display": "55"}, "missing_lines": [37, 43, 53, 59, 60, 62, 70, 80, 81, 82, 83, 84, 88], "excluded_lines": [], "start_line": 22, "executed_branches": [[34, 35], [34, 36], [36, 38], [40, 41], [40, 44], [41, 42], [52, 54], [61, 63], [63, 64], [63, 65], [65, 69], [87, 89]], "missing_branches": [[36, 37], [41, 43], [52, 53], [61, 62], [65, 70], [80, 81], [80, 82], [82, 83], [82, 84], [87, 88]]}, "": {"executed_lines": [3, 5, 6, 7, 8, 9, 10, 12, 13, 14, 22, 25, 28, 50, 86, 91, 92, 101, 102, 103, 109, 110, 112, 113, 115, 128, 129, 131, 132, 134, 135, 136, 138, 148, 149, 151, 152, 154, 167, 168, 169, 171], "summary": {"covered_lines": 42, "num_statements": 53, "percent_covered": 69.86301369863014, "percent_covered_display": "70", "missing_lines": 11, "excluded_lines": 0, "percent_statements_covered": 79.24528301886792, "percent_statements_covered_display": "79", "num_branches": 20, "num_partial_branches": 9, "covered_branches": 9, "missing_branches": 11, "percent_branches_covered": 45.0, "percent_branches_covered_display": "45"}, "missing_lines": [104, 105, 106, 111, 114, 130, 133, 137, 150, 153, 170], "excluded_lines": [], "start_line": 1, "executed_branches": [[102, 103], [110, 112], [113, 115], [129, 131], [132, 134], [136, 138], [149, 151], [152, 154], [169, 171]], "missing_branches": [[102, 104], [104, 105], [104, 106], [110, 111], [113, 114], [129, 130], [132, 133], [136, 137], [149, 150], [152, 153], [169, 170]]}}}, "src\\autotrade\\market_data\\quality.py": {"executed_lines": [3, 5, 6, 7, 8, 10, 12, 26, 29, 30, 35, 36, 37, 38, 40, 41, 43, 44, 45, 46, 47, 48, 52, 54, 55, 57, 58, 60, 62, 64, 65, 66, 67, 75, 76, 78, 84, 89, 90, 91, 94, 96, 97], "summary": {"covered_lines": 43, "num_statements": 51, "percent_covered": 79.1044776119403, "percent_covered_display": "79", "missing_lines": 8, "excluded_lines": 0, "percent_statements_covered": 84.31372549019608, "percent_statements_covered_display": "84", "num_branches": 16, "num_partial_branches": 6, "covered_branches": 10, "missing_branches": 6, "percent_branches_covered": 62.5, "percent_branches_covered_display": "62"}, "missing_lines": [42, 50, 56, 59, 61, 92, 93, 95], "excluded_lines": [], "executed_branches": [[40, 41], [40, 64], [41, 43], [45, 46], [45, 52], [46, 47], [55, 57], [58, 60], [60, 62], [94, 96]], "missing_branches": [[41, 42], [46, 50], [55, 56], [58, 59], [60, 61], [94, 95]], "functions": {"QualityChecker.check": {"executed_lines": [35, 36, 37, 38, 40, 41, 43, 44, 45, 46, 47, 48, 52, 54, 55, 57, 58, 60, 62, 64, 65, 66, 67], "summary": {"covered_lines": 23, "num_statements": 28, "percent_covered": 76.19047619047619, "percent_covered_display": "76", "missing_lines": 5, "excluded_lines": 0, "percent_statements_covered": 82.14285714285714, "percent_statements_covered_display": "82", "num_branches": 14, "num_partial_branches": 5, "covered_branches": 9, "missing_branches": 5, "percent_branches_covered": 64.28571428571429, "percent_branches_covered_display": "64"}, "missing_lines": [42, 50, 56, 59, 61], "excluded_lines": [], "start_line": 30, "executed_branches": [[40, 41], [40, 64], [41, 43], [45, 46], [45, 52], [46, 47], [55, 57], [58, 60], [60, 62]], "missing_branches": [[41, 42], [46, 50], [55, 56], [58, 59], [60, 61]]}, "QualityChecker.report_hash": {"executed_lines": [78, 84], "summary": {"covered_lines": 2, "num_statements": 2, "percent_covered": 100.0, "percent_covered_display": "100", "missing_lines": 0, "excluded_lines": 0, "percent_statements_covered": 100.0, "percent_statements_covered_display": "100", "num_branches": 0, "num_partial_branches": 0, "covered_branches": 0, "missing_branches": 0, "percent_branches_covered": 100.0, "percent_branches_covered_display": "100"}, "missing_lines": [], "excluded_lines": [], "start_line": 76, "executed_branches": [], "missing_branches": []}, "_valid_prices": {"executed_lines": [90, 91, 94, 96, 97], "summary": {"covered_lines": 5, "num_statements": 8, "percent_covered": 60.0, "percent_covered_display": "60", "missing_lines": 3, "excluded_lines": 0, "percent_statements_covered": 62.5, "percent_statements_covered_display": "62", "num_branches": 2, "num_partial_branches": 1, "covered_branches": 1, "missing_branches": 1, "percent_branches_covered": 50.0, "percent_branches_covered_display": "50"}, "missing_lines": [92, 93, 95], "excluded_lines": [], "start_line": 89, "executed_branches": [[94, 96]], "missing_branches": [[94, 95]]}, "": {"executed_lines": [3, 5, 6, 7, 8, 10, 12, 26, 29, 30, 75, 76, 89], "summary": {"covered_lines": 13, "num_statements": 13, "percent_covered": 100.0, "percent_covered_display": "100", "missing_lines": 0, "excluded_lines": 0, "percent_statements_covered": 100.0, "percent_statements_covered_display": "100", "num_branches": 0, "num_partial_branches": 0, "covered_branches": 0, "missing_branches": 0, "percent_branches_covered": 100.0, "percent_branches_covered_display": "100"}, "missing_lines": [], "excluded_lines": [], "start_line": 1, "executed_branches": [], "missing_branches": []}}, "classes": {"QualityChecker": {"executed_lines": [35, 36, 37, 38, 40, 41, 43, 44, 45, 46, 47, 48, 52, 54, 55, 57, 58, 60, 62, 64, 65, 66, 67, 78, 84], "summary": {"covered_lines": 25, "num_statements": 30, "percent_covered": 77.27272727272727, "percent_covered_display": "77", "missing_lines": 5, "excluded_lines": 0, "percent_statements_covered": 83.33333333333333, "percent_statements_covered_display": "83", "num_branches": 14, "num_partial_branches": 5, "covered_branches": 9, "missing_branches": 5, "percent_branches_covered": 64.28571428571429, "percent_branches_covered_display": "64"}, "missing_lines": [42, 50, 56, 59, 61], "excluded_lines": [], "start_line": 26, "executed_branches": [[40, 41], [40, 64], [41, 43], [45, 46], [45, 52], [46, 47], [55, 57], [58, 60], [60, 62]], "missing_branches": [[41, 42], [46, 50], [55, 56], [58, 59], [60, 61]]}, "": {"executed_lines": [3, 5, 6, 7, 8, 10, 12, 26, 29, 30, 75, 76, 89, 90, 91, 94, 96, 97], "summary": {"covered_lines": 18, "num_statements": 21, "percent_covered": 82.6086956521739, "percent_covered_display": "83", "missing_lines": 3, "excluded_lines": 0, "percent_statements_covered": 85.71428571428571, "percent_statements_covered_display": "86", "num_branches": 2, "num_partial_branches": 1, "covered_branches": 1, "missing_branches": 1, "percent_branches_covered": 50.0, "percent_branches_covered_display": "50"}, "missing_lines": [92, 93, 95], "excluded_lines": [], "start_line": 1, "executed_branches": [[94, 96]], "missing_branches": [[94, 95]]}}}, "src\\autotrade\\market_data\\raw_store.py": {"executed_lines": [3, 5, 6, 7, 8, 9, 11, 13, 16, 19, 20, 22, 23, 24, 25, 27, 28, 30, 31, 32, 33, 34, 35, 36, 37, 38, 40, 41, 42, 43, 44, 50, 51, 52, 53], "summary": {"covered_lines": 35, "num_statements": 36, "percent_covered": 95.65217391304348, "percent_covered_display": "96", "missing_lines": 1, "excluded_lines": 0, "percent_statements_covered": 97.22222222222223, "percent_statements_covered_display": "97", "num_branches": 10, "num_partial_branches": 1, "covered_branches": 9, "missing_branches": 1, "percent_branches_covered": 90.0, "percent_branches_covered_display": "90"}, "missing_lines": [26], "excluded_lines": [], "executed_branches": [[23, 24], [23, 25], [25, 27], [27, 28], [27, 30], [35, 36], [35, 40], [36, 37], [36, 38]], "missing_branches": [[25, 26]], "functions": {"LocalRawStore.__init__": {"executed_lines": [20], "summary": {"covered_lines": 1, "num_statements": 1, "percent_covered": 100.0, "percent_covered_display": "100", "missing_lines": 0, "excluded_lines": 0, "percent_statements_covered": 100.0, "percent_statements_covered_display": "100", "num_branches": 0, "num_partial_branches": 0, "covered_branches": 0, "missing_branches": 0, "percent_branches_covered": 100.0, "percent_branches_covered_display": "100"}, "missing_lines": [], "excluded_lines": [], "start_line": 19, "executed_branches": [], "missing_branches": []}, "LocalRawStore.put_if_absent": {"executed_lines": [23, 24, 25, 27, 28, 30, 31, 32, 33, 34, 35, 36, 37, 38, 40, 41, 42, 43, 44, 50, 51, 52, 53], "summary": {"covered_lines": 23, "num_statements": 24, "percent_covered": 94.11764705882354, "percent_covered_display": "94", "missing_lines": 1, "excluded_lines": 0, "percent_statements_covered": 95.83333333333333, "percent_statements_covered_display": "96", "num_branches": 10, "num_partial_branches": 1, "covered_branches": 9, "missing_branches": 1, "percent_branches_covered": 90.0, "percent_branches_covered_display": "90"}, "missing_lines": [26], "excluded_lines": [], "start_line": 22, "executed_branches": [[23, 24], [23, 25], [25, 27], [27, 28], [27, 30], [35, 36], [35, 40], [36, 37], [36, 38]], "missing_branches": [[25, 26]]}, "": {"executed_lines": [3, 5, 6, 7, 8, 9, 11, 13, 16, 19, 22], "summary": {"covered_lines": 11, "num_statements": 11, "percent_covered": 100.0, "percent_covered_display": "100", "missing_lines": 0, "excluded_lines": 0, "percent_statements_covered": 100.0, "percent_statements_covered_display": "100", "num_branches": 0, "num_partial_branches": 0, "covered_branches": 0, "missing_branches": 0, "percent_branches_covered": 100.0, "percent_branches_covered_display": "100"}, "missing_lines": [], "excluded_lines": [], "start_line": 1, "executed_branches": [], "missing_branches": []}}, "classes": {"LocalRawStore": {"executed_lines": [20, 23, 24, 25, 27, 28, 30, 31, 32, 33, 34, 35, 36, 37, 38, 40, 41, 42, 43, 44, 50, 51, 52, 53], "summary": {"covered_lines": 24, "num_statements": 25, "percent_covered": 94.28571428571429, "percent_covered_display": "94", "missing_lines": 1, "excluded_lines": 0, "percent_statements_covered": 96.0, "percent_statements_covered_display": "96", "num_branches": 10, "num_partial_branches": 1, "covered_branches": 9, "missing_branches": 1, "percent_branches_covered": 90.0, "percent_branches_covered_display": "90"}, "missing_lines": [26], "excluded_lines": [], "start_line": 16, "executed_branches": [[23, 24], [23, 25], [25, 27], [27, 28], [27, 30], [35, 36], [35, 40], [36, 37], [36, 38]], "missing_branches": [[25, 26]]}, "": {"executed_lines": [3, 5, 6, 7, 8, 9, 11, 13, 16, 19, 22], "summary": {"covered_lines": 11, "num_statements": 11, "percent_covered": 100.0, "percent_covered_display": "100", "missing_lines": 0, "excluded_lines": 0, "percent_statements_covered": 100.0, "percent_statements_covered_display": "100", "num_branches": 0, "num_partial_branches": 0, "covered_branches": 0, "missing_branches": 0, "percent_branches_covered": 100.0, "percent_branches_covered_display": "100"}, "missing_lines": [], "excluded_lines": [], "start_line": 1, "executed_branches": [], "missing_branches": []}}}, "src\\autotrade\\market_data\\store_contracts.py": {"executed_lines": [7, 9, 10, 11, 12, 15, 16, 17, 18, 19, 20, 23, 24, 25, 26, 27, 28, 31, 32, 33, 34, 35, 36, 37, 38, 39, 40, 41, 44, 45, 46, 47, 48, 49, 50, 51, 54, 55, 56, 57, 58, 59, 60, 61, 62, 63, 64, 67, 68, 69, 70, 71, 72, 73, 74, 75, 76, 77, 78, 79, 81, 82, 85, 86, 87, 88], "summary": {"covered_lines": 66, "num_statements": 66, "percent_covered": 100.0, "percent_covered_display": "100", "missing_lines": 0, "excluded_lines": 0, "percent_statements_covered": 100.0, "percent_statements_covered_display": "100", "num_branches": 0, "num_partial_branches": 0, "covered_branches": 0, "missing_branches": 0, "percent_branches_covered": 100.0, "percent_branches_covered_display": "100"}, "missing_lines": [], "excluded_lines": [], "executed_branches": [], "missing_branches": [], "functions": {"MarketEvent.__post_init__": {"executed_lines": [82], "summary": {"covered_lines": 1, "num_statements": 1, "percent_covered": 100.0, "percent_covered_display": "100", "missing_lines": 0, "excluded_lines": 0, "percent_statements_covered": 100.0, "percent_statements_covered_display": "100", "num_branches": 0, "num_partial_branches": 0, "covered_branches": 0, "missing_branches": 0, "percent_branches_covered": 100.0, "percent_branches_covered_display": "100"}, "missing_lines": [], "excluded_lines": [], "start_line": 81, "executed_branches": [], "missing_branches": []}, "": {"executed_lines": [7, 9, 10, 11, 12, 15, 16, 17, 18, 19, 20, 23, 24, 25, 26, 27, 28, 31, 32, 33, 34, 35, 36, 37, 38, 39, 40, 41, 44, 45, 46, 47, 48, 49, 50, 51, 54, 55, 56, 57, 58, 59, 60, 61, 62, 63, 64, 67, 68, 69, 70, 71, 72, 73, 74, 75, 76, 77, 78, 79, 81, 85, 86, 87, 88], "summary": {"covered_lines": 65, "num_statements": 65, "percent_covered": 100.0, "percent_covered_display": "100", "missing_lines": 0, "excluded_lines": 0, "percent_statements_covered": 100.0, "percent_statements_covered_display": "100", "num_branches": 0, "num_partial_branches": 0, "covered_branches": 0, "missing_branches": 0, "percent_branches_covered": 100.0, "percent_branches_covered_display": "100"}, "missing_lines": [], "excluded_lines": [], "start_line": 1, "executed_branches": [], "missing_branches": []}}, "classes": {"RawWriteRequest": {"executed_lines": [], "summary": {"covered_lines": 0, "num_statements": 0, "percent_covered": 100.0, "percent_covered_display": "100", "missing_lines": 0, "excluded_lines": 0, "percent_statements_covered": 100.0, "percent_statements_covered_display": "100", "num_branches": 0, "num_partial_branches": 0, "covered_branches": 0, "missing_branches": 0, "percent_branches_covered": 100.0, "percent_branches_covered_display": "100"}, "missing_lines": [], "excluded_lines": [], "start_line": 16, "executed_branches": [], "missing_branches": []}, "RawWriteResult": {"executed_lines": [], "summary": {"covered_lines": 0, "num_statements": 0, "percent_covered": 100.0, "percent_covered_display": "100", "missing_lines": 0, "excluded_lines": 0, "percent_statements_covered": 100.0, "percent_statements_covered_display": "100", "num_branches": 0, "num_partial_branches": 0, "covered_branches": 0, "missing_branches": 0, "percent_branches_covered": 100.0, "percent_branches_covered_display": "100"}, "missing_lines": [], "excluded_lines": [], "start_line": 24, "executed_branches": [], "missing_branches": []}, "NormalizedBar": {"executed_lines": [], "summary": {"covered_lines": 0, "num_statements": 0, "percent_covered": 100.0, "percent_covered_display": "100", "missing_lines": 0, "excluded_lines": 0, "percent_statements_covered": 100.0, "percent_statements_covered_display": "100", "num_branches": 0, "num_partial_branches": 0, "covered_branches": 0, "missing_branches": 0, "percent_branches_covered": 100.0, "percent_branches_covered_display": "100"}, "missing_lines": [], "excluded_lines": [], "start_line": 32, "executed_branches": [], "missing_branches": []}, "QualityReport": {"executed_lines": [], "summary": {"covered_lines": 0, "num_statements": 0, "percent_covered": 100.0, "percent_covered_display": "100", "missing_lines": 0, "excluded_lines": 0, "percent_statements_covered": 100.0, "percent_statements_covered_display": "100", "num_branches": 0, "num_partial_branches": 0, "covered_branches": 0, "missing_branches": 0, "percent_branches_covered": 100.0, "percent_branches_covered_display": "100"}, "missing_lines": [], "excluded_lines": [], "start_line": 45, "executed_branches": [], "missing_branches": []}, "DataVersionManifest": {"executed_lines": [], "summary": {"covered_lines": 0, "num_statements": 0, "percent_covered": 100.0, "percent_covered_display": "100", "missing_lines": 0, "excluded_lines": 0, "percent_statements_covered": 100.0, "percent_statements_covered_display": "100", "num_branches": 0, "num_partial_branches": 0, "covered_branches": 0, "missing_branches": 0, "percent_branches_covered": 100.0, "percent_branches_covered_display": "100"}, "missing_lines": [], "excluded_lines": [], "start_line": 55, "executed_branches": [], "missing_branches": []}, "MarketEvent": {"executed_lines": [82], "summary": {"covered_lines": 1, "num_statements": 1, "percent_covered": 100.0, "percent_covered_display": "100", "missing_lines": 0, "excluded_lines": 0, "percent_statements_covered": 100.0, "percent_statements_covered_display": "100", "num_branches": 0, "num_partial_branches": 0, "covered_branches": 0, "missing_branches": 0, "percent_branches_covered": 100.0, "percent_branches_covered_display": "100"}, "missing_lines": [], "excluded_lines": [], "start_line": 68, "executed_branches": [], "missing_branches": []}, "ReplaySnapshot": {"executed_lines": [], "summary": {"covered_lines": 0, "num_statements": 0, "percent_covered": 100.0, "percent_covered_display": "100", "missing_lines": 0, "excluded_lines": 0, "percent_statements_covered": 100.0, "percent_statements_covered_display": "100", "num_branches": 0, "num_partial_branches": 0, "covered_branches": 0, "missing_branches": 0, "percent_branches_covered": 100.0, "percent_branches_covered_display": "100"}, "missing_lines": [], "excluded_lines": [], "start_line": 86, "executed_branches": [], "missing_branches": []}, "": {"executed_lines": [7, 9, 10, 11, 12, 15, 16, 17, 18, 19, 20, 23, 24, 25, 26, 27, 28, 31, 32, 33, 34, 35, 36, 37, 38, 39, 40, 41, 44, 45, 46, 47, 48, 49, 50, 51, 54, 55, 56, 57, 58, 59, 60, 61, 62, 63, 64, 67, 68, 69, 70, 71, 72, 73, 74, 75, 76, 77, 78, 79, 81, 85, 86, 87, 88], "summary": {"covered_lines": 65, "num_statements": 65, "percent_covered": 100.0, "percent_covered_display": "100", "missing_lines": 0, "excluded_lines": 0, "percent_statements_covered": 100.0, "percent_statements_covered_display": "100", "num_branches": 0, "num_partial_branches": 0, "covered_branches": 0, "missing_branches": 0, "percent_branches_covered": 100.0, "percent_branches_covered_display": "100"}, "missing_lines": [], "excluded_lines": [], "start_line": 1, "executed_branches": [], "missing_branches": []}}}}, "totals": {"covered_lines": 447, "num_statements": 517, "percent_covered": 81.76197836166924, "percent_covered_display": "82", "missing_lines": 70, "excluded_lines": 0, "percent_statements_covered": 86.46034816247582, "percent_statements_covered_display": "86", "num_branches": 130, "num_partial_branches": 42, "covered_branches": 82, "missing_branches": 48, "percent_branches_covered": 63.07692307692308, "percent_branches_covered_display": "63"}}