{"meta": {"format": 3, "version": "7.15.3", "timestamp": "2026-08-08T17:32:37.656527", "branch_coverage": true, "show_contexts": false}, "files": {"src\\autotrade\\market_data\\__init__.py": {"executed_lines": [], "summary": {"covered_lines": 0, "num_statements": 0, "percent_covered": 100.0, "percent_covered_display": "100", "missing_lines": 0, "excluded_lines": 0, "percent_statements_covered": 100.0, "percent_statements_covered_display": "100", "num_branches": 0, "num_partial_branches": 0, "covered_branches": 0, "missing_branches": 0, "percent_branches_covered": 100.0, "percent_branches_covered_display": "100"}, "missing_lines": [], "excluded_lines": [], "executed_branches": [], "missing_branches": [], "functions": {"": {"executed_lines": [], "summary": {"covered_lines": 0, "num_statements": 0, "percent_covered": 100.0, "percent_covered_display": "100", "missing_lines": 0, "excluded_lines": 0, "percent_statements_covered": 100.0, "percent_statements_covered_display": "100", "num_branches": 0, "num_partial_branches": 0, "covered_branches": 0, "missing_branches": 0, "percent_branches_covered": 100.0, "percent_branches_covered_display": "100"}, "missing_lines": [], "excluded_lines": [], "start_line": 1, "executed_branches": [], "missing_branches": []}}, "classes": {"": {"executed_lines": [], "summary": {"covered_lines": 0, "num_statements": 0, "percent_covered": 100.0, "percent_covered_display": "100", "missing_lines": 0, "excluded_lines": 0, "percent_statements_covered": 100.0, "percent_statements_covered_display": "100", "num_branches": 0, "num_partial_branches": 0, "covered_branches": 0, "missing_branches": 0, "percent_branches_covered": 100.0, "percent_branches_covered_display": "100"}, "missing_lines": [], "excluded_lines": [], "start_line": 1, "executed_branches": [], "missing_branches": []}}}, "src\\autotrade\\market_data\\catalog_resolver.py": {"executed_lines": [7, 9, 10, 11, 12, 13, 15, 18, 19, 22, 23, 24, 25, 26, 29, 30, 33, 34, 35, 36, 37, 40, 41, 42, 43, 44, 45, 46, 47, 48, 49, 50, 51, 54, 57, 61, 64, 65, 66, 69, 72, 73, 74, 75, 77, 78, 80, 81, 82, 84, 90, 92, 93, 94, 104, 105, 106, 107, 108, 109, 110, 113, 114, 117, 122, 123, 125, 135, 136, 137, 139, 140, 141, 142, 143, 144, 146, 160, 161, 162, 164, 167, 168, 169, 171, 174, 175, 176, 177], "summary": {"covered_lines": 89, "num_statements": 97, "percent_covered": 88.4297520661157, "percent_covered_display": "88", "missing_lines": 8, "excluded_lines": 0, "percent_statements_covered": 91.75257731958763, "percent_statements_covered_display": "92", "num_branches": 24, "num_partial_branches": 6, "covered_branches": 18, "missing_branches": 6, "percent_branches_covered": 75.0, "percent_branches_covered_display": "75"}, "missing_lines": [83, 124, 138, 145, 163, 170, 178, 179], "excluded_lines": [], "executed_branches": [[82, 84], [92, 93], [92, 94], [104, 105], [104, 106], [106, 107], [106, 108], [109, 110], [109, 113], [113, 114], [113, 117], [123, 125], [137, 139], [140, 141], [140, 142], [144, 146], [162, 164], [169, 171]], "missing_branches": [[82, 83], [123, 124], [137, 138], [144, 145], [162, 163], [169, 170]], "functions": {"CatalogAudit.record": {"executed_lines": [], "summary": {"covered_lines": 0, "num_statements": 0, "percent_covered": 100.0, "percent_covered_display": "100", "missing_lines": 0, "excluded_lines": 0, "percent_statements_covered": 100.0, "percent_statements_covered_display": "100", "num_branches": 0, "num_partial_branches": 0, "covered_branches": 0, "missing_branches": 0, "percent_branches_covered": 100.0, "percent_branches_covered_display": "100"}, "missing_lines": [], "excluded_lines": [], "start_line": 57, "executed_branches": [], "missing_branches": []}, "InMemoryCatalogAudit.record": {"executed_lines": [65, 66], "summary": {"covered_lines": 2, "num_statements": 2, "percent_covered": 100.0, "percent_covered_display": "100", "missing_lines": 0, "excluded_lines": 0, "percent_statements_covered": 100.0, "percent_statements_covered_display": "100", "num_branches": 0, "num_partial_branches": 0, "covered_branches": 0, "missing_branches": 0, "percent_branches_covered": 100.0, "percent_branches_covered_display": "100"}, "missing_lines": [], "excluded_lines": [], "start_line": 64, "executed_branches": [], "missing_branches": []}, "CatalogResolver.__init__": {"executed_lines": [73, 74, 75], "summary": {"covered_lines": 3, "num_statements": 3, "percent_covered": 100.0, "percent_covered_display": "100", "missing_lines": 0, "excluded_lines": 0, "percent_statements_covered": 100.0, "percent_statements_covered_display": "100", "num_branches": 0, "num_partial_branches": 0, "covered_branches": 0, "missing_branches": 0, "percent_branches_covered": 100.0, "percent_branches_covered_display": "100"}, "missing_lines": [], "excluded_lines": [], "start_line": 72, "executed_branches": [], "missing_branches": []}, "CatalogResolver.from_fixture": {"executed_lines": [80, 81, 82, 84], "summary": {"covered_lines": 4, "num_statements": 5, "percent_covered": 71.42857142857143, "percent_covered_display": "71", "missing_lines": 1, "excluded_lines": 0, "percent_statements_covered": 80.0, "percent_statements_covered_display": "80", "num_branches": 2, "num_partial_branches": 1, "covered_branches": 1, "missing_branches": 1, "percent_branches_covered": 50.0, "percent_branches_covered_display": "50"}, "missing_lines": [83], "excluded_lines": [], "start_line": 78, "executed_branches": [[82, 84]], "missing_branches": [[82, 83]]}, "CatalogResolver.resolve": {"executed_lines": [92, 93, 94, 104, 105, 106, 107, 108, 109, 110, 113, 114, 117], "summary": {"covered_lines": 13, "num_statements": 13, "percent_covered": 100.0, "percent_covered_display": "100", "missing_lines": 0, "excluded_lines": 0, "percent_statements_covered": 100.0, "percent_statements_covered_display": "100", "num_branches": 10, "num_partial_branches": 0, "covered_branches": 10, "missing_branches": 0, "percent_branches_covered": 100.0, "percent_branches_covered_display": "100"}, "missing_lines": [], "excluded_lines": [], "start_line": 90, "executed_branches": [[92, 93], [92, 94], [104, 105], [104, 106], [106, 107], [106, 108], [109, 110], [109, 113], [113, 114], [113, 117]], "missing_branches": []}, "_mapping_from_fixture": {"executed_lines": [123, 125, 135, 136, 137, 139, 140, 141, 142, 143, 144, 146], "summary": {"covered_lines": 12, "num_statements": 15, "percent_covered": 73.91304347826087, "percent_covered_display": "74", "missing_lines": 3, "excluded_lines": 0, "percent_statements_covered": 80.0, "percent_statements_covered_display": "80", "num_branches": 8, "num_partial_branches": 3, "covered_branches": 5, "missing_branches": 3, "percent_branches_covered": 62.5, "percent_branches_covered_display": "62"}, "missing_lines": [124, 138, 145], "excluded_lines": [], "start_line": 122, "executed_branches": [[123, 125], [137, 139], [140, 141], [140, 142], [144, 146]], "missing_branches": [[123, 124], [137, 138], [144, 145]]}, "_utc_datetime": {"executed_lines": [161, 162, 164], "summary": {"covered_lines": 3, "num_statements": 4, "percent_covered": 66.66666666666667, "percent_covered_display": "67", "missing_lines": 1, "excluded_lines": 0, "percent_statements_covered": 75.0, "percent_statements_covered_display": "75", "num_branches": 2, "num_partial_branches": 1, "covered_branches": 1, "missing_branches": 1, "percent_branches_covered": 50.0, "percent_branches_covered_display": "50"}, "missing_lines": [163], "excluded_lines": [], "start_line": 160, "executed_branches": [[162, 164]], "missing_branches": [[162, 163]]}, "_required_string": {"executed_lines": [168, 169, 171], "summary": {"covered_lines": 3, "num_statements": 4, "percent_covered": 66.66666666666667, "percent_covered_display": "67", "missing_lines": 1, "excluded_lines": 0, "percent_statements_covered": 75.0, "percent_statements_covered_display": "75", "num_branches": 2, "num_partial_branches": 1, "covered_branches": 1, "missing_branches": 1, "percent_branches_covered": 50.0, "percent_branches_covered_display": "50"}, "missing_lines": [170], "excluded_lines": [], "start_line": 167, "executed_branches": [[169, 171]], "missing_branches": [[169, 170]]}, "_is_positive_decimal": {"executed_lines": [175, 176, 177], "summary": {"covered_lines": 3, "num_statements": 5, "percent_covered": 60.0, "percent_covered_display": "60", "missing_lines": 2, "excluded_lines": 0, "percent_statements_covered": 60.0, "percent_statements_covered_display": "60", "num_branches": 0, "num_partial_branches": 0, "covered_branches": 0, "missing_branches": 0, "percent_branches_covered": 100.0, "percent_branches_covered_display": "100"}, "missing_lines": [178, 179], "excluded_lines": [], "start_line": 174, "executed_branches": [], "missing_branches": []}, "": {"executed_lines": [7, 9, 10, 11, 12, 13, 15, 18, 19, 22, 23, 24, 25, 26, 29, 30, 33, 34, 35, 36, 37, 40, 41, 42, 43, 44, 45, 46, 47, 48, 49, 50, 51, 54, 57, 61, 64, 69, 72, 77, 78, 90, 122, 160, 167, 174], "summary": {"covered_lines": 46, "num_statements": 46, "percent_covered": 100.0, "percent_covered_display": "100", "missing_lines": 0, "excluded_lines": 0, "percent_statements_covered": 100.0, "percent_statements_covered_display": "100", "num_branches": 0, "num_partial_branches": 0, "covered_branches": 0, "missing_branches": 0, "percent_branches_covered": 100.0, "percent_branches_covered_display": "100"}, "missing_lines": [], "excluded_lines": [], "start_line": 1, "executed_branches": [], "missing_branches": []}}, "classes": {"ResolveInstrumentRequest": {"executed_lines": [], "summary": {"covered_lines": 0, "num_statements": 0, "percent_covered": 100.0, "percent_covered_display": "100", "missing_lines": 0, "excluded_lines": 0, "percent_statements_covered": 100.0, "percent_statements_covered_display": "100", "num_branches": 0, "num_partial_branches": 0, "covered_branches": 0, "missing_branches": 0, "percent_branches_covered": 100.0, "percent_branches_covered_display": "100"}, "missing_lines": [], "excluded_lines": [], "start_line": 19, "executed_branches": [], "missing_branches": []}, "ResolveInstrumentResult": {"executed_lines": [], "summary": {"covered_lines": 0, "num_statements": 0, "percent_covered": 100.0, "percent_covered_display": "100", "missing_lines": 0, "excluded_lines": 0, "percent_statements_covered": 100.0, "percent_statements_covered_display": "100", "num_branches": 0, "num_partial_branches": 0, "covered_branches": 0, "missing_branches": 0, "percent_branches_covered": 100.0, "percent_branches_covered_display": "100"}, "missing_lines": [], "excluded_lines": [], "start_line": 30, "executed_branches": [], "missing_branches": []}, "_Mapping": {"executed_lines": [], "summary": {"covered_lines": 0, "num_statements": 0, "percent_covered": 100.0, "percent_covered_display": "100", "missing_lines": 0, "excluded_lines": 0, "percent_statements_covered": 100.0, "percent_statements_covered_display": "100", "num_branches": 0, "num_partial_branches": 0, "covered_branches": 0, "missing_branches": 0, "percent_branches_covered": 100.0, "percent_branches_covered_display": "100"}, "missing_lines": [], "excluded_lines": [], "start_line": 41, "executed_branches": [], "missing_branches": []}, "CatalogAudit": {"executed_lines": [], "summary": {"covered_lines": 0, "num_statements": 0, "percent_covered": 100.0, "percent_covered_display": "100", "missing_lines": 0, "excluded_lines": 0, "percent_statements_covered": 100.0, "percent_statements_covered_display": "100", "num_branches": 0, "num_partial_branches": 0, "covered_branches": 0, "missing_branches": 0, "percent_branches_covered": 100.0, "percent_branches_covered_display": "100"}, "missing_lines": [], "excluded_lines": [], "start_line": 54, "executed_branches": [], "missing_branches": []}, "InMemoryCatalogAudit": {"executed_lines": [65, 66], "summary": {"covered_lines": 2, "num_statements": 2, "percent_covered": 100.0, "percent_covered_display": "100", "missing_lines": 0, "excluded_lines": 0, "percent_statements_covered": 100.0, "percent_statements_covered_display": "100", "num_branches": 0, "num_partial_branches": 0, "covered_branches": 0, "missing_branches": 0, "percent_branches_covered": 100.0, "percent_branches_covered_display": "100"}, "missing_lines": [], "excluded_lines": [], "start_line": 61, "executed_branches": [], "missing_branches": []}, "CatalogResolver": {"executed_lines": [73, 74, 75, 80, 81, 82, 84, 92, 93, 94, 104, 105, 106, 107, 108, 109, 110, 113, 114, 117], "summary": {"covered_lines": 20, "num_statements": 21, "percent_covered": 93.93939393939394, "percent_covered_display": "94", "missing_lines": 1, "excluded_lines": 0, "percent_statements_covered": 95.23809523809524, "percent_statements_covered_display": "95", "num_branches": 12, "num_partial_branches": 1, "covered_branches": 11, "missing_branches": 1, "percent_branches_covered": 91.66666666666667, "percent_branches_covered_display": "92"}, "missing_lines": [83], "excluded_lines": [], "start_line": 69, "executed_branches": [[82, 84], [92, 93], [92, 94], [104, 105], [104, 106], [106, 107], [106, 108], [109, 110], [109, 113], [113, 114], [113, 117]], "missing_branches": [[82, 83]]}, "": {"executed_lines": [7, 9, 10, 11, 12, 13, 15, 18, 19, 22, 23, 24, 25, 26, 29, 30, 33, 34, 35, 36, 37, 40, 41, 42, 43, 44, 45, 46, 47, 48, 49, 50, 51, 54, 57, 61, 64, 69, 72, 77, 78, 90, 122, 123, 125, 135, 136, 137, 139, 140, 141, 142, 143, 144, 146, 160, 161, 162, 164, 167, 168, 169, 171, 174, 175, 176, 177], "summary": {"covered_lines": 67, "num_statements": 74, "percent_covered": 86.04651162790698, "percent_covered_display": "86", "missing_lines": 7, "excluded_lines": 0, "percent_statements_covered": 90.54054054054055, "percent_statements_covered_display": "91", "num_branches": 12, "num_partial_branches": 5, "covered_branches": 7, "missing_branches": 5, "percent_branches_covered": 58.333333333333336, "percent_branches_covered_display": "58"}, "missing_lines": [124, 138, 145, 163, 170, 178, 179], "excluded_lines": [], "start_line": 1, "executed_branches": [[123, 125], [137, 139], [140, 141], [140, 142], [144, 146], [162, 164], [169, 171]], "missing_branches": [[123, 124], [137, 138], [144, 145], [162, 163], [169, 170]]}}}, "src\\autotrade\\market_data\\manifest.py": {"executed_lines": [3, 5, 7, 10, 13, 14, 25, 27, 29, 30, 40, 41], "summary": {"covered_lines": 12, "num_statements": 14, "percent_covered": 77.77777777777777, "percent_covered_display": "78", "missing_lines": 2, "excluded_lines": 0, "percent_statements_covered": 85.71428571428571, "percent_statements_covered_display": "86", "num_branches": 4, "num_partial_branches": 2, "covered_branches": 2, "missing_branches": 2, "percent_branches_covered": 50.0, "percent_branches_covered_display": "50"}, "missing_lines": [26, 28], "excluded_lines": [], "executed_branches": [[25, 27], [27, 29]], "missing_branches": [[25, 26], [27, 28]], "functions": {"ManifestBuilder.build": {"executed_lines": [25, 27, 29, 30, 40, 41], "summary": {"covered_lines": 6, "num_statements": 8, "percent_covered": 66.66666666666667, "percent_covered_display": "67", "missing_lines": 2, "excluded_lines": 0, "percent_statements_covered": 75.0, "percent_statements_covered_display": "75", "num_branches": 4, "num_partial_branches": 2, "covered_branches": 2, "missing_branches": 2, "percent_branches_covered": 50.0, "percent_branches_covered_display": "50"}, "missing_lines": [26, 28], "excluded_lines": [], "start_line": 14, "executed_branches": [[25, 27], [27, 29]], "missing_branches": [[25, 26], [27, 28]]}, "": {"executed_lines": [3, 5, 7, 10, 13, 14], "summary": {"covered_lines": 6, "num_statements": 6, "percent_covered": 100.0, "percent_covered_display": "100", "missing_lines": 0, "excluded_lines": 0, "percent_statements_covered": 100.0, "percent_statements_covered_display": "100", "num_branches": 0, "num_partial_branches": 0, "covered_branches": 0, "missing_branches": 0, "percent_branches_covered": 100.0, "percent_branches_covered_display": "100"}, "missing_lines": [], "excluded_lines": [], "start_line": 1, "executed_branches": [], "missing_branches": []}}, "classes": {"ManifestBuilder": {"executed_lines": [25, 27, 29, 30, 40, 41], "summary": {"covered_lines": 6, "num_statements": 8, "percent_covered": 66.66666666666667, "percent_covered_display": "67", "missing_lines": 2, "excluded_lines": 0, "percent_statements_covered": 75.0, "percent_statements_covered_display": "75", "num_branches": 4, "num_partial_branches": 2, "covered_branches": 2, "missing_branches": 2, "percent_branches_covered": 50.0, "percent_branches_covered_display": "50"}, "missing_lines": [26, 28], "excluded_lines": [], "start_line": 10, "executed_branches": [[25, 27], [27, 29]], "missing_branches": [[25, 26], [27, 28]]}, "": {"executed_lines": [3, 5, 7, 10, 13, 14], "summary": {"covered_lines": 6, "num_statements": 6, "percent_covered": 100.0, "percent_covered_display": "100", "missing_lines": 0, "excluded_lines": 0, "percent_statements_covered": 100.0, "percent_statements_covered_display": "100", "num_branches": 0, "num_partial_branches": 0, "covered_branches": 0, "missing_branches": 0, "percent_branches_covered": 100.0, "percent_branches_covered_display": "100"}, "missing_lines": [], "excluded_lines": [], "start_line": 1, "executed_branches": [], "missing_branches": []}}}, "src\\autotrade\\market_data\\normalized_store.py": {"executed_lines": [3, 5, 6, 7, 8, 9, 10, 12, 20, 23, 24, 26, 32, 33, 34, 36, 37, 38, 39, 40, 42, 43, 44, 45, 46, 48, 49, 50, 52, 53, 54, 55, 56, 59, 61, 62, 67, 68, 70, 72, 73, 74, 79, 82, 83, 84, 90, 91, 93, 94, 96, 109, 110, 112, 113, 115, 125, 126, 128, 129, 131, 144, 145, 146, 148], "summary": {"covered_lines": 65, "num_statements": 85, "percent_covered": 68.59504132231405, "percent_covered_display": "69", "missing_lines": 20, "excluded_lines": 0, "percent_statements_covered": 76.47058823529412, "percent_statements_covered_display": "76", "num_branches": 36, "num_partial_branches": 14, "covered_branches": 18, "missing_branches": 18, "percent_branches_covered": 50.0, "percent_branches_covered_display": "50"}, "missing_lines": [35, 41, 51, 57, 58, 60, 63, 64, 65, 69, 85, 86, 87, 92, 95, 111, 114, 127, 130, 147], "excluded_lines": [], "executed_branches": [[32, 33], [32, 34], [34, 36], [38, 39], [38, 42], [39, 40], [50, 52], [59, 61], [61, 62], [68, 70], [83, 84], [91, 93], [94, 96], [110, 112], [113, 115], [126, 128], [129, 131], [146, 148]], "missing_branches": [[34, 35], [39, 41], [50, 51], [59, 60], [61, 63], [63, 64], [63, 65], [68, 69], [83, 85], [85, 86], [85, 87], [91, 92], [94, 95], [110, 111], [113, 114], [126, 127], [129, 130], [146, 147]], "functions": {"LocalNormalizedStore.__init__": {"executed_lines": [24], "summary": {"covered_lines": 1, "num_statements": 1, "percent_covered": 100.0, "percent_covered_display": "100", "missing_lines": 0, "excluded_lines": 0, "percent_statements_covered": 100.0, "percent_statements_covered_display": "100", "num_branches": 0, "num_partial_branches": 0, "covered_branches": 0, "missing_branches": 0, "percent_branches_covered": 100.0, "percent_branches_covered_display": "100"}, "missing_lines": [], "excluded_lines": [], "start_line": 23, "executed_branches": [], "missing_branches": []}, "LocalNormalizedStore.write_if_absent": {"executed_lines": [32, 33, 34, 36, 37, 38, 39, 40, 42, 43, 44, 45, 46], "summary": {"covered_lines": 13, "num_statements": 15, "percent_covered": 82.6086956521739, "percent_covered_display": "83", "missing_lines": 2, "excluded_lines": 0, "percent_statements_covered": 86.66666666666667, "percent_statements_covered_display": "87", "num_branches": 8, "num_partial_branches": 2, "covered_branches": 6, "missing_branches": 2, "percent_branches_covered": 75.0, "percent_branches_covered_display": "75"}, "missing_lines": [35, 41], "excluded_lines": [], "start_line": 26, "executed_branches": [[32, 33], [32, 34], [34, 36], [38, 39], [38, 42], [39, 40]], "missing_branches": [[34, 35], [39, 41]]}, "LocalNormalizedStore.read_replay_snapshot": {"executed_lines": [49, 50, 52, 53, 54, 55, 56, 59, 61, 62], "summary": {"covered_lines": 10, "num_statements": 17, "percent_covered": 52.0, "percent_covered_display": "52", "missing_lines": 7, "excluded_lines": 0, "percent_statements_covered": 58.8235294117647, "percent_statements_covered_display": "59", "num_branches": 8, "num_partial_branches": 3, "covered_branches": 3, "missing_branches": 5, "percent_branches_covered": 37.5, "percent_branches_covered_display": "38"}, "missing_lines": [51, 57, 58, 60, 63, 64, 65], "excluded_lines": [], "start_line": 48, "executed_branches": [[50, 52], [59, 61], [61, 62]], "missing_branches": [[50, 51], [59, 60], [61, 63], [63, 64], [63, 65]]}, "LocalNormalizedStore._path": {"executed_lines": [68, 70], "summary": {"covered_lines": 2, "num_statements": 3, "percent_covered": 60.0, "percent_covered_display": "60", "missing_lines": 1, "excluded_lines": 0, "percent_statements_covered": 66.66666666666667, "percent_statements_covered_display": "67", "num_branches": 2, "num_partial_branches": 1, "covered_branches": 1, "missing_branches": 1, "percent_branches_covered": 50.0, "percent_branches_covered_display": "50"}, "missing_lines": [69], "excluded_lines": [], "start_line": 67, "executed_branches": [[68, 70]], "missing_branches": [[68, 69]]}, "LocalNormalizedStore._serialize": {"executed_lines": [74, 79], "summary": {"covered_lines": 2, "num_statements": 2, "percent_covered": 100.0, "percent_covered_display": "100", "missing_lines": 0, "excluded_lines": 0, "percent_statements_covered": 100.0, "percent_statements_covered_display": "100", "num_branches": 0, "num_partial_branches": 0, "covered_branches": 0, "missing_branches": 0, "percent_branches_covered": 100.0, "percent_branches_covered_display": "100"}, "missing_lines": [], "excluded_lines": [], "start_line": 73, "executed_branches": [], "missing_branches": []}, "_json_default": {"executed_lines": [83, 84], "summary": {"covered_lines": 2, "num_statements": 5, "percent_covered": 33.333333333333336, "percent_covered_display": "33", "missing_lines": 3, "excluded_lines": 0, "percent_statements_covered": 40.0, "percent_statements_covered_display": "40", "num_branches": 4, "num_partial_branches": 1, "covered_branches": 1, "missing_branches": 3, "percent_branches_covered": 25.0, "percent_branches_covered_display": "25"}, "missing_lines": [85, 86, 87], "excluded_lines": [], "start_line": 82, "executed_branches": [[83, 84]], "missing_branches": [[83, 85], [85, 86], [85, 87]]}, "_manifest_from_json": {"executed_lines": [91, 93, 94, 96], "summary": {"covered_lines": 4, "num_statements": 6, "percent_covered": 60.0, "percent_covered_display": "60", "missing_lines": 2, "excluded_lines": 0, "percent_statements_covered": 66.66666666666667, "percent_statements_covered_display": "67", "num_branches": 4, "num_partial_branches": 2, "covered_branches": 2, "missing_branches": 2, "percent_branches_covered": 50.0, "percent_branches_covered_display": "50"}, "missing_lines": [92, 95], "excluded_lines": [], "start_line": 90, "executed_branches": [[91, 93], [94, 96]], "missing_branches": [[91, 92], [94, 95]]}, "_report_from_json": {"executed_lines": [110, 112, 113, 115], "summary": {"covered_lines": 4, "num_statements": 6, "percent_covered": 60.0, "percent_covered_display": "60", "missing_lines": 2, "excluded_lines": 0, "percent_statements_covered": 66.66666666666667, "percent_statements_covered_display": "67", "num_branches": 4, "num_partial_branches": 2, "covered_branches": 2, "missing_branches": 2, "percent_branches_covered": 50.0, "percent_branches_covered_display": "50"}, "missing_lines": [111, 114], "excluded_lines": [], "start_line": 109, "executed_branches": [[110, 112], [113, 115]], "missing_branches": [[110, 111], [113, 114]]}, "_bar_from_json": {"executed_lines": [126, 128, 129, 131], "summary": {"covered_lines": 4, "num_statements": 6, "percent_covered": 60.0, "percent_covered_display": "60", "missing_lines": 2, "excluded_lines": 0, "percent_statements_covered": 66.66666666666667, "percent_statements_covered_display": "67", "num_branches": 4, "num_partial_branches": 2, "covered_branches": 2, "missing_branches": 2, "percent_branches_covered": 50.0, "percent_branches_covered_display": "50"}, "missing_lines": [127, 130], "excluded_lines": [], "start_line": 125, "executed_branches": [[126, 128], [129, 131]], "missing_branches": [[126, 127], [129, 130]]}, "_string": {"executed_lines": [145, 146, 148], "summary": {"covered_lines": 3, "num_statements": 4, "percent_covered": 66.66666666666667, "percent_covered_display": "67", "missing_lines": 1, "excluded_lines": 0, "percent_statements_covered": 75.0, "percent_statements_covered_display": "75", "num_branches": 2, "num_partial_branches": 1, "covered_branches": 1, "missing_branches": 1, "percent_branches_covered": 50.0, "percent_branches_covered_display": "50"}, "missing_lines": [147], "excluded_lines": [], "start_line": 144, "executed_branches": [[146, 148]], "missing_branches": [[146, 147]]}, "": {"executed_lines": [3, 5, 6, 7, 8, 9, 10, 12, 20, 23, 26, 48, 67, 72, 73, 82, 90, 109, 125, 144], "summary": {"covered_lines": 20, "num_statements": 20, "percent_covered": 100.0, "percent_covered_display": "100", "missing_lines": 0, "excluded_lines": 0, "percent_statements_covered": 100.0, "percent_statements_covered_display": "100", "num_branches": 0, "num_partial_branches": 0, "covered_branches": 0, "missing_branches": 0, "percent_branches_covered": 100.0, "percent_branches_covered_display": "100"}, "missing_lines": [], "excluded_lines": [], "start_line": 1, "executed_branches": [], "missing_branches": []}}, "classes": {"LocalNormalizedStore": {"executed_lines": [24, 32, 33, 34, 36, 37, 38, 39, 40, 42, 43, 44, 45, 46, 49, 50, 52, 53, 54, 55, 56, 59, 61, 62, 68, 70, 74, 79], "summary": {"covered_lines": 28, "num_statements": 38, "percent_covered": 67.85714285714286, "percent_covered_display": "68", "missing_lines": 10, "excluded_lines": 0, "percent_statements_covered": 73.6842105263158, "percent_statements_covered_display": "74", "num_branches": 18, "num_partial_branches": 6, "covered_branches": 10, "missing_branches": 8, "percent_branches_covered": 55.55555555555556, "percent_branches_covered_display": "56"}, "missing_lines": [35, 41, 51, 57, 58, 60, 63, 64, 65, 69], "excluded_lines": [], "start_line": 20, "executed_branches": [[32, 33], [32, 34], [34, 36], [38, 39], [38, 42], [39, 40], [50, 52], [59, 61], [61, 62], [68, 70]], "missing_branches": [[34, 35], [39, 41], [50, 51], [59, 60], [61, 63], [63, 64], [63, 65], [68, 69]]}, "": {"executed_lines": [3, 5, 6, 7, 8, 9, 10, 12, 20, 23, 26, 48, 67, 72, 73, 82, 83, 84, 90, 91, 93, 94, 96, 109, 110, 112, 113, 115, 125, 126, 128, 129, 131, 144, 145, 146, 148], "summary": {"covered_lines": 37, "num_statements": 47, "percent_covered": 69.23076923076923, "percent_covered_display": "69", "missing_lines": 10, "excluded_lines": 0, "percent_statements_covered": 78.72340425531915, "percent_statements_covered_display": "79", "num_branches": 18, "num_partial_branches": 8, "covered_branches": 8, "missing_branches": 10, "percent_branches_covered": 44.44444444444444, "percent_branches_covered_display": "44"}, "missing_lines": [85, 86, 87, 92, 95, 111, 114, 127, 130, 147], "excluded_lines": [], "start_line": 1, "executed_branches": [[83, 84], [91, 93], [94, 96], [110, 112], [113, 115], [126, 128], [129, 131], [146, 148]], "missing_branches": [[83, 85], [85, 86], [85, 87], [91, 92], [94, 95], [110, 111], [113, 114], [126, 127], [129, 130], [146, 147]]}}}, "src\\autotrade\\market_data\\quality.py": {"executed_lines": [3, 5, 6, 7, 8, 10, 12, 26, 29, 30, 35, 36, 37, 38, 40, 41, 43, 44, 45, 46, 47, 48, 52, 54, 55, 57, 58, 60, 62, 64, 65, 66, 72, 76, 85, 86, 87, 90, 92, 93], "summary": {"covered_lines": 40, "num_statements": 48, "percent_covered": 78.125, "percent_covered_display": "78", "missing_lines": 8, "excluded_lines": 0, "percent_statements_covered": 83.33333333333333, "percent_statements_covered_display": "83", "num_branches": 16, "num_partial_branches": 6, "covered_branches": 10, "missing_branches": 6, "percent_branches_covered": 62.5, "percent_branches_covered_display": "62"}, "missing_lines": [42, 50, 56, 59, 61, 88, 89, 91], "excluded_lines": [], "executed_branches": [[40, 41], [40, 64], [41, 43], [45, 46], [45, 52], [46, 47], [55, 57], [58, 60], [60, 62], [90, 92]], "missing_branches": [[41, 42], [46, 50], [55, 56], [58, 59], [60, 61], [90, 91]], "functions": {"QualityChecker.check": {"executed_lines": [35, 36, 37, 38, 40, 41, 43, 44, 45, 46, 47, 48, 52, 54, 55, 57, 58, 60, 62, 64, 65, 66, 72, 76], "summary": {"covered_lines": 24, "num_statements": 29, "percent_covered": 76.74418604651163, "percent_covered_display": "77", "missing_lines": 5, "excluded_lines": 0, "percent_statements_covered": 82.75862068965517, "percent_statements_covered_display": "83", "num_branches": 14, "num_partial_branches": 5, "covered_branches": 9, "missing_branches": 5, "percent_branches_covered": 64.28571428571429, "percent_branches_covered_display": "64"}, "missing_lines": [42, 50, 56, 59, 61], "excluded_lines": [], "start_line": 30, "executed_branches": [[40, 41], [40, 64], [41, 43], [45, 46], [45, 52], [46, 47], [55, 57], [58, 60], [60, 62]], "missing_branches": [[41, 42], [46, 50], [55, 56], [58, 59], [60, 61]]}, "_valid_prices": {"executed_lines": [86, 87, 90, 92, 93], "summary": {"covered_lines": 5, "num_statements": 8, "percent_covered": 60.0, "percent_covered_display": "60", "missing_lines": 3, "excluded_lines": 0, "percent_statements_covered": 62.5, "percent_statements_covered_display": "62", "num_branches": 2, "num_partial_branches": 1, "covered_branches": 1, "missing_branches": 1, "percent_branches_covered": 50.0, "percent_branches_covered_display": "50"}, "missing_lines": [88, 89, 91], "excluded_lines": [], "start_line": 85, "executed_branches": [[90, 92]], "missing_branches": [[90, 91]]}, "": {"executed_lines": [3, 5, 6, 7, 8, 10, 12, 26, 29, 30, 85], "summary": {"covered_lines": 11, "num_statements": 11, "percent_covered": 100.0, "percent_covered_display": "100", "missing_lines": 0, "excluded_lines": 0, "percent_statements_covered": 100.0, "percent_statements_covered_display": "100", "num_branches": 0, "num_partial_branches": 0, "covered_branches": 0, "missing_branches": 0, "percent_branches_covered": 100.0, "percent_branches_covered_display": "100"}, "missing_lines": [], "excluded_lines": [], "start_line": 1, "executed_branches": [], "missing_branches": []}}, "classes": {"QualityChecker": {"executed_lines": [35, 36, 37, 38, 40, 41, 43, 44, 45, 46, 47, 48, 52, 54, 55, 57, 58, 60, 62, 64, 65, 66, 72, 76], "summary": {"covered_lines": 24, "num_statements": 29, "percent_covered": 76.74418604651163, "percent_covered_display": "77", "missing_lines": 5, "excluded_lines": 0, "percent_statements_covered": 82.75862068965517, "percent_statements_covered_display": "83", "num_branches": 14, "num_partial_branches": 5, "covered_branches": 9, "missing_branches": 5, "percent_branches_covered": 64.28571428571429, "percent_branches_covered_display": "64"}, "missing_lines": [42, 50, 56, 59, 61], "excluded_lines": [], "start_line": 26, "executed_branches": [[40, 41], [40, 64], [41, 43], [45, 46], [45, 52], [46, 47], [55, 57], [58, 60], [60, 62]], "missing_branches": [[41, 42], [46, 50], [55, 56], [58, 59], [60, 61]]}, "": {"executed_lines": [3, 5, 6, 7, 8, 10, 12, 26, 29, 30, 85, 86, 87, 90, 92, 93], "summary": {"covered_lines": 16, "num_statements": 19, "percent_covered": 80.95238095238095, "percent_covered_display": "81", "missing_lines": 3, "excluded_lines": 0, "percent_statements_covered": 84.21052631578948, "percent_statements_covered_display": "84", "num_branches": 2, "num_partial_branches": 1, "covered_branches": 1, "missing_branches": 1, "percent_branches_covered": 50.0, "percent_branches_covered_display": "50"}, "missing_lines": [88, 89, 91], "excluded_lines": [], "start_line": 1, "executed_branches": [[90, 92]], "missing_branches": [[90, 91]]}}}, "src\\autotrade\\market_data\\raw_store.py": {"executed_lines": [3, 5, 6, 7, 8, 9, 11, 13, 16, 19, 20, 22, 23, 24, 25, 27, 28, 30, 31, 32, 33, 34, 35, 36, 37, 38, 40, 41, 42, 43, 44, 50, 51, 52, 53], "summary": {"covered_lines": 35, "num_statements": 36, "percent_covered": 95.65217391304348, "percent_covered_display": "96", "missing_lines": 1, "excluded_lines": 0, "percent_statements_covered": 97.22222222222223, "percent_statements_covered_display": "97", "num_branches": 10, "num_partial_branches": 1, "covered_branches": 9, "missing_branches": 1, "percent_branches_covered": 90.0, "percent_branches_covered_display": "90"}, "missing_lines": [26], "excluded_lines": [], "executed_branches": [[23, 24], [23, 25], [25, 27], [27, 28], [27, 30], [35, 36], [35, 40], [36, 37], [36, 38]], "missing_branches": [[25, 26]], "functions": {"LocalRawStore.__init__": {"executed_lines": [20], "summary": {"covered_lines": 1, "num_statements": 1, "percent_covered": 100.0, "percent_covered_display": "100", "missing_lines": 0, "excluded_lines": 0, "percent_statements_covered": 100.0, "percent_statements_covered_display": "100", "num_branches": 0, "num_partial_branches": 0, "covered_branches": 0, "missing_branches": 0, "percent_branches_covered": 100.0, "percent_branches_covered_display": "100"}, "missing_lines": [], "excluded_lines": [], "start_line": 19, "executed_branches": [], "missing_branches": []}, "LocalRawStore.put_if_absent": {"executed_lines": [23, 24, 25, 27, 28, 30, 31, 32, 33, 34, 35, 36, 37, 38, 40, 41, 42, 43, 44, 50, 51, 52, 53], "summary": {"covered_lines": 23, "num_statements": 24, "percent_covered": 94.11764705882354, "percent_covered_display": "94", "missing_lines": 1, "excluded_lines": 0, "percent_statements_covered": 95.83333333333333, "percent_statements_covered_display": "96", "num_branches": 10, "num_partial_branches": 1, "covered_branches": 9, "missing_branches": 1, "percent_branches_covered": 90.0, "percent_branches_covered_display": "90"}, "missing_lines": [26], "excluded_lines": [], "start_line": 22, "executed_branches": [[23, 24], [23, 25], [25, 27], [27, 28], [27, 30], [35, 36], [35, 40], [36, 37], [36, 38]], "missing_branches": [[25, 26]]}, "": {"executed_lines": [3, 5, 6, 7, 8, 9, 11, 13, 16, 19, 22], "summary": {"covered_lines": 11, "num_statements": 11, "percent_covered": 100.0, "percent_covered_display": "100", "missing_lines": 0, "excluded_lines": 0, "percent_statements_covered": 100.0, "percent_statements_covered_display": "100", "num_branches": 0, "num_partial_branches": 0, "covered_branches": 0, "missing_branches": 0, "percent_branches_covered": 100.0, "percent_branches_covered_display": "100"}, "missing_lines": [], "excluded_lines": [], "start_line": 1, "executed_branches": [], "missing_branches": []}}, "classes": {"LocalRawStore": {"executed_lines": [20, 23, 24, 25, 27, 28, 30, 31, 32, 33, 34, 35, 36, 37, 38, 40, 41, 42, 43, 44, 50, 51, 52, 53], "summary": {"covered_lines": 24, "num_statements": 25, "percent_covered": 94.28571428571429, "percent_covered_display": "94", "missing_lines": 1, "excluded_lines": 0, "percent_statements_covered": 96.0, "percent_statements_covered_display": "96", "num_branches": 10, "num_partial_branches": 1, "covered_branches": 9, "missing_branches": 1, "percent_branches_covered": 90.0, "percent_branches_covered_display": "90"}, "missing_lines": [26], "excluded_lines": [], "start_line": 16, "executed_branches": [[23, 24], [23, 25], [25, 27], [27, 28], [27, 30], [35, 36], [35, 40], [36, 37], [36, 38]], "missing_branches": [[25, 26]]}, "": {"executed_lines": [3, 5, 6, 7, 8, 9, 11, 13, 16, 19, 22], "summary": {"covered_lines": 11, "num_statements": 11, "percent_covered": 100.0, "percent_covered_display": "100", "missing_lines": 0, "excluded_lines": 0, "percent_statements_covered": 100.0, "percent_statements_covered_display": "100", "num_branches": 0, "num_partial_branches": 0, "covered_branches": 0, "missing_branches": 0, "percent_branches_covered": 100.0, "percent_branches_covered_display": "100"}, "missing_lines": [], "excluded_lines": [], "start_line": 1, "executed_branches": [], "missing_branches": []}}}, "src\\autotrade\\market_data\\store_contracts.py": {"executed_lines": [7, 9, 10, 11, 12, 15, 16, 17, 18, 19, 20, 23, 24, 25, 26, 27, 28, 31, 32, 33, 34, 35, 36, 37, 38, 39, 40, 41, 44, 45, 46, 47, 48, 49, 50, 51, 54, 55, 56, 57, 58, 59, 60, 61, 62, 63, 64, 67, 68, 69, 70, 71, 72, 73, 74, 75, 76, 77, 78, 79, 81, 82, 85, 86, 87, 88], "summary": {"covered_lines": 66, "num_statements": 66, "percent_covered": 100.0, "percent_covered_display": "100", "missing_lines": 0, "excluded_lines": 0, "percent_statements_covered": 100.0, "percent_statements_covered_display": "100", "num_branches": 0, "num_partial_branches": 0, "covered_branches": 0, "missing_branches": 0, "percent_branches_covered": 100.0, "percent_branches_covered_display": "100"}, "missing_lines": [], "excluded_lines": [], "executed_branches": [], "missing_branches": [], "functions": {"MarketEvent.__post_init__": {"executed_lines": [82], "summary": {"covered_lines": 1, "num_statements": 1, "percent_covered": 100.0, "percent_covered_display": "100", "missing_lines": 0, "excluded_lines": 0, "percent_statements_covered": 100.0, "percent_statements_covered_display": "100", "num_branches": 0, "num_partial_branches": 0, "covered_branches": 0, "missing_branches": 0, "percent_branches_covered": 100.0, "percent_branches_covered_display": "100"}, "missing_lines": [], "excluded_lines": [], "start_line": 81, "executed_branches": [], "missing_branches": []}, "": {"executed_lines": [7, 9, 10, 11, 12, 15, 16, 17, 18, 19, 20, 23, 24, 25, 26, 27, 28, 31, 32, 33, 34, 35, 36, 37, 38, 39, 40, 41, 44, 45, 46, 47, 48, 49, 50, 51, 54, 55, 56, 57, 58, 59, 60, 61, 62, 63, 64, 67, 68, 69, 70, 71, 72, 73, 74, 75, 76, 77, 78, 79, 81, 85, 86, 87, 88], "summary": {"covered_lines": 65, "num_statements": 65, "percent_covered": 100.0, "percent_covered_display": "100", "missing_lines": 0, "excluded_lines": 0, "percent_statements_covered": 100.0, "percent_statements_covered_display": "100", "num_branches": 0, "num_partial_branches": 0, "covered_branches": 0, "missing_branches": 0, "percent_branches_covered": 100.0, "percent_branches_covered_display": "100"}, "missing_lines": [], "excluded_lines": [], "start_line": 1, "executed_branches": [], "missing_branches": []}}, "classes": {"RawWriteRequest": {"executed_lines": [], "summary": {"covered_lines": 0, "num_statements": 0, "percent_covered": 100.0, "percent_covered_display": "100", "missing_lines": 0, "excluded_lines": 0, "percent_statements_covered": 100.0, "percent_statements_covered_display": "100", "num_branches": 0, "num_partial_branches": 0, "covered_branches": 0, "missing_branches": 0, "percent_branches_covered": 100.0, "percent_branches_covered_display": "100"}, "missing_lines": [], "excluded_lines": [], "start_line": 16, "executed_branches": [], "missing_branches": []}, "RawWriteResult": {"executed_lines": [], "summary": {"covered_lines": 0, "num_statements": 0, "percent_covered": 100.0, "percent_covered_display": "100", "missing_lines": 0, "excluded_lines": 0, "percent_statements_covered": 100.0, "percent_statements_covered_display": "100", "num_branches": 0, "num_partial_branches": 0, "covered_branches": 0, "missing_branches": 0, "percent_branches_covered": 100.0, "percent_branches_covered_display": "100"}, "missing_lines": [], "excluded_lines": [], "start_line": 24, "executed_branches": [], "missing_branches": []}, "NormalizedBar": {"executed_lines": [], "summary": {"covered_lines": 0, "num_statements": 0, "percent_covered": 100.0, "percent_covered_display": "100", "missing_lines": 0, "excluded_lines": 0, "percent_statements_covered": 100.0, "percent_statements_covered_display": "100", "num_branches": 0, "num_partial_branches": 0, "covered_branches": 0, "missing_branches": 0, "percent_branches_covered": 100.0, "percent_branches_covered_display": "100"}, "missing_lines": [], "excluded_lines": [], "start_line": 32, "executed_branches": [], "missing_branches": []}, "QualityReport": {"executed_lines": [], "summary": {"covered_lines": 0, "num_statements": 0, "percent_covered": 100.0, "percent_covered_display": "100", "missing_lines": 0, "excluded_lines": 0, "percent_statements_covered": 100.0, "percent_statements_covered_display": "100", "num_branches": 0, "num_partial_branches": 0, "covered_branches": 0, "missing_branches": 0, "percent_branches_covered": 100.0, "percent_branches_covered_display": "100"}, "missing_lines": [], "excluded_lines": [], "start_line": 45, "executed_branches": [], "missing_branches": []}, "DataVersionManifest": {"executed_lines": [], "summary": {"covered_lines": 0, "num_statements": 0, "percent_covered": 100.0, "percent_covered_display": "100", "missing_lines": 0, "excluded_lines": 0, "percent_statements_covered": 100.0, "percent_statements_covered_display": "100", "num_branches": 0, "num_partial_branches": 0, "covered_branches": 0, "missing_branches": 0, "percent_branches_covered": 100.0, "percent_branches_covered_display": "100"}, "missing_lines": [], "excluded_lines": [], "start_line": 55, "executed_branches": [], "missing_branches": []}, "MarketEvent": {"executed_lines": [82], "summary": {"covered_lines": 1, "num_statements": 1, "percent_covered": 100.0, "percent_covered_display": "100", "missing_lines": 0, "excluded_lines": 0, "percent_statements_covered": 100.0, "percent_statements_covered_display": "100", "num_branches": 0, "num_partial_branches": 0, "covered_branches": 0, "missing_branches": 0, "percent_branches_covered": 100.0, "percent_branches_covered_display": "100"}, "missing_lines": [], "excluded_lines": [], "start_line": 68, "executed_branches": [], "missing_branches": []}, "ReplaySnapshot": {"executed_lines": [], "summary": {"covered_lines": 0, "num_statements": 0, "percent_covered": 100.0, "percent_covered_display": "100", "missing_lines": 0, "excluded_lines": 0, "percent_statements_covered": 100.0, "percent_statements_covered_display": "100", "num_branches": 0, "num_partial_branches": 0, "covered_branches": 0, "missing_branches": 0, "percent_branches_covered": 100.0, "percent_branches_covered_display": "100"}, "missing_lines": [], "excluded_lines": [], "start_line": 86, "executed_branches": [], "missing_branches": []}, "": {"executed_lines": [7, 9, 10, 11, 12, 15, 16, 17, 18, 19, 20, 23, 24, 25, 26, 27, 28, 31, 32, 33, 34, 35, 36, 37, 38, 39, 40, 41, 44, 45, 46, 47, 48, 49, 50, 51, 54, 55, 56, 57, 58, 59, 60, 61, 62, 63, 64, 67, 68, 69, 70, 71, 72, 73, 74, 75, 76, 77, 78, 79, 81, 85, 86, 87, 88], "summary": {"covered_lines": 65, "num_statements": 65, "percent_covered": 100.0, "percent_covered_display": "100", "missing_lines": 0, "excluded_lines": 0, "percent_statements_covered": 100.0, "percent_statements_covered_display": "100", "num_branches": 0, "num_partial_branches": 0, "covered_branches": 0, "missing_branches": 0, "percent_branches_covered": 100.0, "percent_branches_covered_display": "100"}, "missing_lines": [], "excluded_lines": [], "start_line": 1, "executed_branches": [], "missing_branches": []}}}}, "totals": {"covered_lines": 307, "num_statements": 346, "percent_covered": 83.4862385321101, "percent_covered_display": "83", "missing_lines": 39, "excluded_lines": 0, "percent_statements_covered": 88.72832369942196, "percent_statements_covered_display": "89", "num_branches": 90, "num_partial_branches": 29, "covered_branches": 57, "missing_branches": 33, "percent_branches_covered": 63.333333333333336, "percent_branches_covered_display": "63"}}